#
# A fatal error has been detected by the Java Runtime Environment:
#
#  SIGSEGV (0xb) at pc=0x00007fe8d7e7d55d, pid=6213, tid=6237
#
# JRE version: OpenJDK Runtime Environment (21.0.10+7) (build 21.0.10+7)
# Java VM: OpenJDK 64-Bit Server VM (21.0.10+7, mixed mode, sharing, tiered, compressed oops, compressed class ptrs, g1 gc, linux-amd64)
# Problematic frame:
# V  [libjvm.so+0x27d55d]
#
# Core dump will be written. Default location: Core dumps may be processed with "/usr/lib/systemd/systemd-coredump %P %u %g %s %t %c %h %d %F" (or dumping to /home/kevin/Documents/Lumen_Mall_backend/backend/core.6213)
#
# If you would like to submit a bug report, please visit:
#   https://bugreport.java.com/bugreport/crash.jsp
#

---------------  S U M M A R Y ------------

Command Line: --enable-preview -javaagent:/usr/share/idea/lib/idea_rt.jar=41581 -Dfile.encoding=UTF-8 -Dsun.stdout.encoding=UTF-8 -Dsun.stderr.encoding=UTF-8 com.lumenmall.backend.BackendApplication

Host: AMD Ryzen 5 4600G with Radeon Graphics, 12 cores, 13G, CachyOS
Time: Sat Jan 31 11:05:45 2026 EAT elapsed time: 1.530251 seconds (0d 0h 0m 1s)

---------------  T H R E A D  ---------------

Current thread (0x00007fe8d0159df0):  JavaThread "C1 CompilerThread0" daemon [_thread_in_native, id=6237, stack(0x00007fe8d41fb000,0x00007fe8d42fb000) (1024K)]


Current CompileTask:
C1:1530 3320       3       java.util.stream.Nodes$SpinedNodeBuilder::begin (38 bytes)

Stack: [0x00007fe8d41fb000,0x00007fe8d42fb000],  sp=0x00007fe8d42f8b18,  free space=1014k
Native frames: (J=compiled Java code, j=interpreted, Vv=VM code, C=native code)
V  [libjvm.so+0x27d55d]
V  [libjvm.so+0x282803]
V  [libjvm.so+0x284d56]
V  [libjvm.so+0x28aeba]
V  [libjvm.so+0x28af5d]
V  [libjvm.so+0x25fe07]
V  [libjvm.so+0x261f3b]
V  [libjvm.so+0x2620ff]
V  [libjvm.so+0x26250e]
V  [libjvm.so+0x263712]
V  [libjvm.so+0x414b21]
V  [libjvm.so+0x418118]
V  [libjvm.so+0x70d4df]
V  [libjvm.so+0xdcd493]
V  [libjvm.so+0xb2f3fa]

siginfo: si_signo: 11 (SIGSEGV), si_code: 2 (SEGV_ACCERR), si_addr: 0x00007fe8382db000

Registers:
RAX=0x0000000000000000, RBX=0x0000000000000000, RCX=0x0000000000000003, RDX=0x0000000000000002
RSP=0x00007fe8d42f8b18, RBP=0x00007fe8d42f8bd0, RSI=0x0000000000000001, RDI=0x00007fe8382dc088
R8 =0x00007fe8382db140, R9 =0x00007fe8382dc188, R10=0x00007fe8382db800, R11=0x0000000000000002
R12=0x00007fe8d42f8b50, R13=0x00007fe8d8c2b364, R14=0x000000000000001f, R15=0x00007fe8d42f8d80
RIP=0x00007fe8d7e7d55d, EFLAGS=0x0000000000010246, CSGSFS=0x002b000000000033, ERR=0x0000000000000015
  TRAPNO=0x000000000000000e

XMM[0]=0x0000000000000000 0x0000001f0000001f
XMM[1]=0x0000000000000000 0x000000000000001f
XMM[2]=0x00007fe8382dbeb0 0x00007fe8382d6570
XMM[3]=0x0000000000000000 0x3fc999999999999a
XMM[4]=0x0000000000000000 0x3fc999999999999a
XMM[5]=0x0000000000000000 0x0000000000000001
XMM[6]=0x0000000000000000 0x0000000000000002
XMM[7]=0x0000000000000000 0x00000000000000bf
XMM[8]=0xe8243c8948fffffd 0xdb840f00ff834803
XMM[9]=0x0000000000000000 0x0000000000000003
XMM[10]=0x0000000000000000 0x0000000000000002
XMM[11]=0x0000000000000000 0x0000000000000003
XMM[12]=0x0000000000000000 0x0000000000000001
XMM[13]=0x0000000000000000 0x0000000000000001
XMM[14]=0x0000000000000000 0x0000000000000000
XMM[15]=0x0000000000000000 0x0000000000000007
  MXCSR=0x00001fa2


Register to memory mapping:

RAX=0x0 is null
RBX=0x0 is null
RCX=0x0000000000000003 is an unknown value
RDX=0x0000000000000002 is an unknown value
RSP=0x00007fe8d42f8b18 is pointing into the stack for thread: 0x00007fe8d0159df0
RBP=0x00007fe8d42f8bd0 is pointing into the stack for thread: 0x00007fe8d0159df0
RSI=0x0000000000000001 is an unknown value
RDI=0x00007fe8382dc088 points into unknown readable memory: 0x00007fe8d8e57e48 | 48 7e e5 d8 e8 7f 00 00
R8 =0x00007fe8382db140 points into unknown readable memory: 0x00007fe8d8ef9588 | 88 95 ef d8 e8 7f 00 00
R9 =0x00007fe8382dc188 points into unknown readable memory: 0x00007fe8382db0d0 | d0 b0 2d 38 e8 7f 00 00
R10=0x00007fe8382db800 points into unknown readable memory: 0x0000000000000000 | 00 00 00 00 00 00 00 00
R11=0x0000000000000002 is an unknown value
R12=0x00007fe8d42f8b50 is pointing into the stack for thread: 0x00007fe8d0159df0
R13=0x00007fe8d8c2b364: <offset 0x000000000102b364> in /usr/lib/jvm/java-21-openjdk/lib/server/libjvm.so at 0x00007fe8d7c00000
R14=0x000000000000001f is an unknown value
R15=0x00007fe8d42f8d80 is pointing into the stack for thread: 0x00007fe8d0159df0

Top of Stack: (sp=0x00007fe8d42f8b18)
0x00007fe8d42f8b18:   00007fe8382db730 00007fe8d42f8b90
0x00007fe8d42f8b28:   00007fe8d7eff4eb 00007fe82c4ab3e0
0x00007fe8d42f8b38:   00007fe8d42f8b50 00007fe8d42f8b80
0x00007fe8d42f8b48:   00007fe8382db828 00007fe82c4ab3e0
0x00007fe8d42f8b58:   00007fe82c4ab330 00007fe82c4ac22a
0x00007fe8d42f8b68:   0000000000000000 00007fe8382dabe8
0x00007fe8d42f8b78:   00007fe82c4ac208 00007fe82c4ac22e
0x00007fe8d42f8b88:   00007fe82c4ac22a 0000001f0000001f
0x00007fe8d42f8b98:   00007fe8d7e8275c 00007fe8d42f8bd0
0x00007fe8d42f8ba8:   00007fe8d42f8d80 0000000000000000
0x00007fe8d42f8bb8:   00007fe82c4ab3e0 00007fe8382d9e88
0x00007fe8d42f8bc8:   00007fe8382da798 00007fe8d42f8c00
0x00007fe8d42f8bd8:   00007fe8d7e82803 00007fe8d42f8d80
0x00007fe8d42f8be8:   00007fe8382da798 ffffffffffffffff
0x00007fe8d42f8bf8:   00007fe8d42f8d80 00007fe8d42f8d50
0x00007fe8d42f8c08:   00007fe8d7e84d56 00007fe8d015a580
0x00007fe8d42f8c18:   00007fe8d8b84fed 00000000fffffffb
0x00007fe8d42f8c28:   00007fe8d907202a 00007fe800000000
0x00007fe8d42f8c38:   00000000d015a608 00007f2000000000
0x00007fe8d42f8c48:   0000000000000000 0000000000000002
0x00007fe8d42f8c58:   00007fe8d86ade12 00007fe8d015e8e0
0x00007fe8d42f8c68:   00000000000083b0 00007fe8382de558
0x00007fe8d42f8c78:   00007fe8d0150110 00007fe8382d6570
0x00007fe8d42f8c88:   00007fe8382d9e88 00007fe8d42f9150
0x00007fe8d42f8c98:   00007fe8382d9e88 0000001000000004
0x00007fe8d42f8ca8:   00007fe8382d9fc0 0000000000000000
0x00007fe8d42f8cb8:   00007fe8382da040 0000002600000018
0x00007fe8d42f8cc8:   00007fe8382da188 0000000000000000
0x00007fe8d42f8cd8:   0000000000000000 0000000000000000
0x00007fe8d42f8ce8:   0000000000000000 0000000000000000
0x00007fe8d42f8cf8:   0000000400000000 00007fe8382dafc8
0x00007fe8d42f8d08:   0000000000000000 0000000000000000 

Instructions: (pc=0x00007fe8d7e7d55d)
0x00007fe8d7e7d45d:   e8 3e aa 20 00 e9 7d f7 ff ff 90 0f 1f 84 00 00
0x00007fe8d7e7d46d:   00 00 00 f3 0f 1e fa 55 48 89 e5 41 57 49 89 ff
0x00007fe8d7e7d47d:   41 56 41 55 41 54 53 48 81 ec 98 00 00 00 48 8b
0x00007fe8d7e7d48d:   47 08 c6 47 60 00 4c 8b 68 28 48 8b 07 48 8b 40
0x00007fe8d7e7d49d:   10 48 8b 58 18 48 89 5d 80 48 85 db 0f 84 01 05
0x00007fe8d7e7d4ad:   00 00 48 8b 43 28 44 8b 63 48 48 89 45 88 48 8b
0x00007fe8d7e7d4bd:   43 78 48 85 c0 0f 84 44 29 00 00 4a 8d 1c 20 48
0x00007fe8d7e7d4cd:   89 5d b0 c5 f9 ef c0 48 8d 5d 80 48 89 45 b8 48
0x00007fe8d7e7d4dd:   89 df 48 89 45 a8 48 89 9d 68 ff ff ff c5 f9 7f
0x00007fe8d7e7d4ed:   45 90 67 e8 5b c8 10 00 49 8b 07 48 89 58 20 49
0x00007fe8d7e7d4fd:   8b 47 48 31 db f6 80 84 00 00 00 04 74 08 48 83
0x00007fe8d7e7d50d:   78 20 00 0f 94 c3 49 8b 07 0f b6 80 88 00 00 00
0x00007fe8d7e7d51d:   88 85 67 ff ff ff 4d 85 ed 0f 85 93 29 00 00 49
0x00007fe8d7e7d52d:   8b 47 08 4c 8d 2d 2d de da 00 48 83 78 70 00 0f
0x00007fe8d7e7d53d:   85 4d 01 00 00 0f 1f 00 66 66 2e 0f 1f 84 00 00
0x00007fe8d7e7d54d:   00 00 00 49 8b 7f 58 48 8b 07 ff 90 38 01 00 00
0x00007fe8d7e7d55d:   48 85 c0 0f 85 7a 01 00 00 49 8b 07 4c 8b 60 20
0x00007fe8d7e7d56d:   49 8b 44 24 38 49 89 44 24 10 49 3b 44 24 30 0f
0x00007fe8d7e7d57d:   83 5e 01 00 00 0f b6 38 48 8d 0d b4 c6 da 00 44
0x00007fe8d7e7d58d:   8b 34 b9 c4 c1 79 6e ce c4 e3 71 22 c7 01 c4 c1
0x00007fe8d7e7d59d:   79 d6 44 24 40 41 81 fe ee 00 00 00 0f 87 11 04
0x00007fe8d7e7d5ad:   00 00 48 8d 3d 4a ca da 00 49 63 f6 0f b6 3c 37
0x00007fe8d7e7d5bd:   48 89 fe 83 e6 0f 48 01 f0 83 e7 0f 49 89 44 24
0x00007fe8d7e7d5cd:   38 0f 84 ec 01 00 00 49 8b 3f 48 8b 45 90 48 2b
0x00007fe8d7e7d5dd:   45 a8 89 c6 80 7f 48 00 0f 85 b5 00 00 00 48 8b
0x00007fe8d7e7d5ed:   57 08 48 98 48 8b 52 08 48 8b 04 c2 48 85 c0 74
0x00007fe8d7e7d5fd:   0a 49 39 47 48 0f 85 d8 00 00 00 49 8b 7f 08 8b
0x00007fe8d7e7d60d:   47 38 85 c0 78 12 49 8b 17 48 8b 72 10 48 83 7e
0x00007fe8d7e7d61d:   08 00 0f 84 eb 02 00 00 84 db 0f 85 bb 01 00 00
0x00007fe8d7e7d62d:   41 81 fe ca 00 00 00 0f 87 90 4f 00 00 44 89 f0
0x00007fe8d7e7d63d:   49 63 44 85 00 4c 01 e8 3e ff e0 48 8b 5d 90 49
0x00007fe8d7e7d64d:   89 de 4c 2b 75 a8 80 3b ca 0f 84 00 4f 00 00 44 


Stack slot to memory mapping:

stack at sp + 0 slots: 0x00007fe8382db730 points into unknown readable memory: 0x00007fe8382d9e88 | 88 9e 2d 38 e8 7f 00 00
stack at sp + 1 slots: 0x00007fe8d42f8b90 is pointing into the stack for thread: 0x00007fe8d0159df0
stack at sp + 2 slots: 0x00007fe8d7eff4eb: <offset 0x00000000002ff4eb> in /usr/lib/jvm/java-21-openjdk/lib/server/libjvm.so at 0x00007fe8d7c00000
stack at sp + 3 slots: 0x00007fe82c4ab3e0 points into unknown readable memory: 0x00007fe8d8efee78 | 78 ee ef d8 e8 7f 00 00
stack at sp + 4 slots: 0x00007fe8d42f8b50 is pointing into the stack for thread: 0x00007fe8d0159df0
stack at sp + 5 slots: 0x00007fe8d42f8b80 is pointing into the stack for thread: 0x00007fe8d0159df0
stack at sp + 6 slots: 0x00007fe8382db828 points into unknown readable memory: 0x00007fe8d8e58048 | 48 80 e5 d8 e8 7f 00 00
stack at sp + 7 slots: 0x00007fe82c4ab3e0 points into unknown readable memory: 0x00007fe8d8efee78 | 78 ee ef d8 e8 7f 00 00


---------------  P R O C E S S  ---------------

Threads class SMR info:
_java_thread_list=0x00007fe810071570, length=13, elements={
0x00007fe8d001e150, 0x00007fe8d01492c0, 0x00007fe8d014a840, 0x00007fe8d014bfe0,
0x00007fe8d014d630, 0x00007fe8d014ebe0, 0x00007fe8d0150730, 0x00007fe8d0159df0,
0x00007fe8d01a6f50, 0x00007fe838179fb0, 0x00007fe8d06122a0, 0x00007fe8d0614400,
0x00007fe82c442a40
}

Java Threads: ( => current thread )
  0x00007fe8d001e150 JavaThread "main"                              [_thread_in_Java, id=6214, stack(0x00007fe8d7b00000,0x00007fe8d7c00000) (1024K)]
  0x00007fe8d01492c0 JavaThread "Reference Handler"          daemon [_thread_blocked, id=6231, stack(0x00007fe8d4ba9000,0x00007fe8d4ca9000) (1024K)]
  0x00007fe8d014a840 JavaThread "Finalizer"                  daemon [_thread_blocked, id=6232, stack(0x00007fe8d4700000,0x00007fe8d4800000) (1024K)]
  0x00007fe8d014bfe0 JavaThread "Signal Dispatcher"          daemon [_thread_blocked, id=6233, stack(0x00007fe8d45ff000,0x00007fe8d46ff000) (1024K)]
  0x00007fe8d014d630 JavaThread "Service Thread"             daemon [_thread_blocked, id=6234, stack(0x00007fe8d44fe000,0x00007fe8d45fe000) (1024K)]
  0x00007fe8d014ebe0 JavaThread "Monitor Deflation Thread"   daemon [_thread_blocked, id=6235, stack(0x00007fe8d43fd000,0x00007fe8d44fd000) (1024K)]
  0x00007fe8d0150730 JavaThread "C2 CompilerThread0"         daemon [_thread_in_native, id=6236, stack(0x00007fe8d42fc000,0x00007fe8d43fc000) (1024K)]
=>0x00007fe8d0159df0 JavaThread "C1 CompilerThread0"         daemon [_thread_in_native, id=6237, stack(0x00007fe8d41fb000,0x00007fe8d42fb000) (1024K)]
  0x00007fe8d01a6f50 JavaThread "Common-Cleaner"             daemon [_thread_blocked, id=6241, stack(0x00007fe8d4029000,0x00007fe8d4129000) (1024K)]
  0x00007fe838179fb0 JavaThread "C2 CompilerThread1"         daemon [_thread_in_native, id=6242, stack(0x00007fe8cff00000,0x00007fe8d0000000) (1024K)]
  0x00007fe8d06122a0 JavaThread "Monitor Ctrl-Break"         daemon [_thread_in_native, id=6243, stack(0x00007fe8b4cd8000,0x00007fe8b4dd8000) (1024K)]
  0x00007fe8d0614400 JavaThread "Notification Thread"        daemon [_thread_blocked, id=6244, stack(0x00007fe8b4bd7000,0x00007fe8b4cd7000) (1024K)]
  0x00007fe82c442a40 JavaThread "C2 CompilerThread2"         daemon [_thread_in_native, id=6261, stack(0x00007fe8b43cf000,0x00007fe8b44cf000) (1024K)]
Total: 13

Other Threads:
  0x00007fe8d013ef70 VMThread "VM Thread"                           [id=6230, stack(0x00007fe8d4caa000,0x00007fe8d4daa000) (1024K)]
  0x00007fe8d012ccc0 WatcherThread "VM Periodic Task Thread"        [id=6229, stack(0x00007fe8d4dab000,0x00007fe8d4eab000) (1024K)]
  0x00007fe8d007c8e0 WorkerThread "GC Thread#0"                     [id=6216, stack(0x00007fe8d5d96000,0x00007fe8d5e96000) (1024K)]
  0x00007fe84c008250 WorkerThread "GC Thread#1"                     [id=6248, stack(0x00007fe8b4ad6000,0x00007fe8b4bd6000) (1024K)]
  0x00007fe84c008d10 WorkerThread "GC Thread#2"                     [id=6249, stack(0x00007fe8b49d5000,0x00007fe8b4ad5000) (1024K)]
  0x00007fe84c009810 WorkerThread "GC Thread#3"                     [id=6250, stack(0x00007fe8b48d4000,0x00007fe8b49d4000) (1024K)]
  0x00007fe84c00a310 WorkerThread "GC Thread#4"                     [id=6251, stack(0x00007fe8b47d3000,0x00007fe8b48d3000) (1024K)]
  0x00007fe84c012580 WorkerThread "GC Thread#5"                     [id=6259, stack(0x00007fe8b45d1000,0x00007fe8b46d1000) (1024K)]
  0x00007fe84c012e10 WorkerThread "GC Thread#6"                     [id=6260, stack(0x00007fe8b44d0000,0x00007fe8b45d0000) (1024K)]
  0x00007fe84c011f10 WorkerThread "GC Thread#7"                     [id=6263, stack(0x00007fe8b41cd000,0x00007fe8b42cd000) (1024K)]
  0x00007fe84c014b80 WorkerThread "GC Thread#8"                     [id=6264, stack(0x00007fe8b40cc000,0x00007fe8b41cc000) (1024K)]
  0x00007fe84c015570 WorkerThread "GC Thread#9"                     [id=6265, stack(0x00007fe8a5f00000,0x00007fe8a6000000) (1024K)]
  0x00007fe8d008b6b0 ConcurrentGCThread "G1 Main Marker"            [id=6217, stack(0x00007fe8d5c95000,0x00007fe8d5d95000) (1024K)]
  0x00007fe8d008c560 WorkerThread "G1 Conc#0"                       [id=6218, stack(0x00007fe8d5b94000,0x00007fe8d5c94000) (1024K)]
  0x00007fe8a8000d50 WorkerThread "G1 Conc#1"                       [id=6266, stack(0x00007fe8a5dff000,0x00007fe8a5eff000) (1024K)]
  0x00007fe8a8001c80 WorkerThread "G1 Conc#2"                       [id=6267, stack(0x00007fe8a5cfe000,0x00007fe8a5dfe000) (1024K)]
  0x00007fe8d011a980 ConcurrentGCThread "G1 Refine#0"               [id=6219, stack(0x00007fe8d5089000,0x00007fe8d5189000) (1024K)]
  0x00007fe8d011b950 ConcurrentGCThread "G1 Service"                [id=6220, stack(0x00007fe8d4f88000,0x00007fe8d5088000) (1024K)]
Total: 18

Threads with active compile tasks:
C2 CompilerThread0  1536 3318       4       org.springframework.core.SimpleAliasRegistry::isAlias (11 bytes)
C1 CompilerThread0  1536 3320       3       java.util.stream.Nodes$SpinedNodeBuilder::begin (38 bytes)
C2 CompilerThread1  1536 3291       4       org.springframework.beans.factory.support.AbstractBeanFactory::isTypeMatch (776 bytes)
C2 CompilerThread2  1536 3113       4       jdk.internal.org.objectweb.asm.SymbolTable::addConstantMemberReference (147 bytes)
Total: 4

VM state: not at safepoint (normal execution)

VM Mutex/Monitor currently owned by a thread: None

Heap address: 0x0000000727600000, size: 3466 MB, Compressed Oops mode: Zero based, Oop shift amount: 3

CDS archive(s) mapped at: [0x00007fe857000000-0x00007fe857c9b000-0x00007fe857c9b000), size 13217792, SharedBaseAddress: 0x00007fe857000000, ArchiveRelocationMode: 1.
Compressed class space mapped at: 0x00007fe858000000-0x00007fe898000000, reserved size: 1073741824
Narrow klass base: 0x00007fe857000000, Narrow klass shift: 0, Narrow klass range: 0x100000000

GC Precious Log:
 CardTable entry size: 512
 Card Set container configuration: InlinePtr #cards 4 size 8 Array Of Cards #cards 16 size 48 Howl #buckets 8 coarsen threshold 3686 Howl Bitmap #cards 512 size 80 coarsen threshold 460 Card regions per heap region 1 cards per card region 4096
 CPUs: 12 total, 12 available
 Memory: 13858M
 Large Page Support: Disabled
 NUMA Support: Disabled
 Compressed Oops: Enabled (Zero based)
 Heap Region Size: 2M
 Heap Min Capacity: 8M
 Heap Initial Capacity: 218M
 Heap Max Capacity: 3466M
 Pre-touch: Disabled
 Parallel Workers: 10
 Concurrent Workers: 3
 Concurrent Refinement Workers: 10
 Periodic GC: Disabled

Heap:
 garbage-first heap   total 61440K, used 43454K [0x0000000727600000, 0x0000000800000000)
  region size 2048K, 18 young (36864K), 3 survivors (6144K)
 Metaspace       used 25236K, committed 25664K, reserved 1114112K
  class space    used 3221K, committed 3392K, reserved 1048576K

Heap Regions: E=young(eden), S=young(survivor), O=old, HS=humongous(starts), HC=humongous(continues), CS=collection set, F=free, TAMS=top-at-mark-start, PB=parsable bottom
|   0|0x0000000727600000, 0x0000000727800000, 0x0000000727800000|100%| O|  |TAMS 0x0000000727600000| PB 0x0000000727600000| Untracked 
|   1|0x0000000727800000, 0x0000000727a00000, 0x0000000727a00000|100%| O|  |TAMS 0x0000000727800000| PB 0x0000000727800000| Untracked 
|   2|0x0000000727a00000, 0x0000000727c00000, 0x0000000727c00000|100%| O|  |TAMS 0x0000000727a00000| PB 0x0000000727a00000| Untracked 
|   3|0x0000000727c00000, 0x0000000727e00000, 0x0000000727e00000|100%| O|  |TAMS 0x0000000727c00000| PB 0x0000000727c00000| Untracked 
|   4|0x0000000727e00000, 0x0000000727e2a1a0, 0x0000000728000000|  8%| O|Cm|TAMS 0x0000000727e00000| PB 0x0000000727e00000| Complete 
|   5|0x0000000728000000, 0x0000000728000000, 0x0000000728200000|  0%| F|  |TAMS 0x0000000728000000| PB 0x0000000728000000| Untracked 
|   6|0x0000000728200000, 0x0000000728200000, 0x0000000728400000|  0%| F|  |TAMS 0x0000000728200000| PB 0x0000000728200000| Untracked 
|   7|0x0000000728400000, 0x0000000728400000, 0x0000000728600000|  0%| F|  |TAMS 0x0000000728400000| PB 0x0000000728400000| Untracked 
|   8|0x0000000728600000, 0x0000000728600000, 0x0000000728800000|  0%| F|  |TAMS 0x0000000728600000| PB 0x0000000728600000| Untracked 
|   9|0x0000000728800000, 0x0000000728800000, 0x0000000728a00000|  0%| F|  |TAMS 0x0000000728800000| PB 0x0000000728800000| Untracked 
|  10|0x0000000728a00000, 0x0000000728a00000, 0x0000000728c00000|  0%| F|  |TAMS 0x0000000728a00000| PB 0x0000000728a00000| Untracked 
|  11|0x0000000728c00000, 0x0000000728e00000, 0x0000000728e00000|100%| E|  |TAMS 0x0000000728c00000| PB 0x0000000728c00000| Complete 
|  12|0x0000000728e00000, 0x0000000729000000, 0x0000000729000000|100%| E|CS|TAMS 0x0000000728e00000| PB 0x0000000728e00000| Complete 
|  13|0x0000000729000000, 0x0000000729200000, 0x0000000729200000|100%| E|CS|TAMS 0x0000000729000000| PB 0x0000000729000000| Complete 
|  14|0x0000000729200000, 0x0000000729400000, 0x0000000729400000|100%| E|CS|TAMS 0x0000000729200000| PB 0x0000000729200000| Complete 
|  15|0x0000000729400000, 0x0000000729600000, 0x0000000729600000|100%| E|CS|TAMS 0x0000000729400000| PB 0x0000000729400000| Complete 
|  16|0x0000000729600000, 0x0000000729800000, 0x0000000729800000|100%| E|CS|TAMS 0x0000000729600000| PB 0x0000000729600000| Complete 
|  17|0x0000000729800000, 0x0000000729a00000, 0x0000000729a00000|100%| E|CS|TAMS 0x0000000729800000| PB 0x0000000729800000| Complete 
|  18|0x0000000729a00000, 0x0000000729c00000, 0x0000000729c00000|100%| E|CS|TAMS 0x0000000729a00000| PB 0x0000000729a00000| Complete 
|  19|0x0000000729c00000, 0x0000000729e00000, 0x0000000729e00000|100%| E|CS|TAMS 0x0000000729c00000| PB 0x0000000729c00000| Complete 
|  20|0x0000000729e00000, 0x000000072a000000, 0x000000072a000000|100%| E|CS|TAMS 0x0000000729e00000| PB 0x0000000729e00000| Complete 
|  21|0x000000072a000000, 0x000000072a200000, 0x000000072a200000|100%| E|CS|TAMS 0x000000072a000000| PB 0x000000072a000000| Complete 
|  22|0x000000072a200000, 0x000000072a400000, 0x000000072a400000|100%| E|CS|TAMS 0x000000072a200000| PB 0x000000072a200000| Complete 
|  23|0x000000072a400000, 0x000000072a600000, 0x000000072a600000|100%| E|CS|TAMS 0x000000072a400000| PB 0x000000072a400000| Complete 
|  24|0x000000072a600000, 0x000000072a800000, 0x000000072a800000|100%| E|CS|TAMS 0x000000072a600000| PB 0x000000072a600000| Complete 
|  86|0x0000000732200000, 0x0000000732339278, 0x0000000732400000| 61%| S|CS|TAMS 0x0000000732200000| PB 0x0000000732200000| Complete 
|  87|0x0000000732400000, 0x0000000732600000, 0x0000000732600000|100%| S|CS|TAMS 0x0000000732400000| PB 0x0000000732400000| Complete 
|  88|0x0000000732600000, 0x0000000732800000, 0x0000000732800000|100%| S|CS|TAMS 0x0000000732600000| PB 0x0000000732600000| Complete 
| 108|0x0000000734e00000, 0x0000000735000000, 0x0000000735000000|100%| E|CS|TAMS 0x0000000734e00000| PB 0x0000000734e00000| Complete 
|1732|0x00000007ffe00000, 0x00000007fff0c638, 0x0000000800000000| 52%| O|  |TAMS 0x00000007ffe00000| PB 0x00000007ffe00000| Untracked 

Card table byte_map: [0x00007fe8d5e96000,0x00007fe8d655b000] _byte_map_base: 0x00007fe8d255b000

Marking Bits: (CMBitMap*) 0x00007fe8d007d320
 Bits: [0x00007fe8b4dd8000, 0x00007fe8b8400000)

Polling page: 0x00007fe8d9455000

Metaspace:

Usage:
  Non-class:     21,50 MB used.
      Class:      3,15 MB used.
       Both:     24,65 MB used.

Virtual space:
  Non-class space:       64,00 MB reserved,      21,75 MB ( 34%) committed,  1 nodes.
      Class space:        1,00 GB reserved,       3,31 MB ( <1%) committed,  1 nodes.
             Both:        1,06 GB reserved,      25,06 MB (  2%) committed. 

Chunk freelists:
   Non-Class:  10,30 MB
       Class:  12,33 MB
        Both:  22,62 MB

MaxMetaspaceSize: unlimited
CompressedClassSpaceSize: 1,00 GB
Initial GC threshold: 21,00 MB
Current GC threshold: 35,44 MB
CDS: on
 - commit_granule_bytes: 65536.
 - commit_granule_words: 8192.
 - virtual_space_node_default_size: 8388608.
 - enlarge_chunks_in_place: 1.
 - use_allocation_guard: 0.


Internal statistics:

num_allocs_failed_limit: 3.
num_arena_births: 482.
num_arena_deaths: 0.
num_vsnodes_births: 2.
num_vsnodes_deaths: 0.
num_space_committed: 401.
num_space_uncommitted: 0.
num_chunks_returned_to_freelist: 3.
num_chunks_taken_from_freelist: 1353.
num_chunk_merges: 3.
num_chunk_splits: 934.
num_chunks_enlarged: 677.
num_inconsistent_stats: 0.

CodeHeap 'non-profiled nmethods': size=120028Kb used=1465Kb max_used=1465Kb free=118562Kb
 bounds [0x00007fe8bfec9000, 0x00007fe8c0139000, 0x00007fe8c7400000]
CodeHeap 'profiled nmethods': size=120028Kb used=6504Kb max_used=6504Kb free=113523Kb
 bounds [0x00007fe8b8400000, 0x00007fe8b8a60000, 0x00007fe8bf937000]
CodeHeap 'non-nmethods': size=5704Kb used=1441Kb max_used=1496Kb free=4262Kb
 bounds [0x00007fe8bf937000, 0x00007fe8bfba7000, 0x00007fe8bfec9000]
CodeCache: size=245760Kb, used=9410Kb, max_used=9465Kb, free=236347Kb
 total_blobs=3863, nmethods=3317, adapters=450, full_count=0
Compilation: enabled, stopped_count=0, restarted_count=0

Compilation events (20 events):
Event: 1,522 Thread 0x00007fe8d0159df0 nmethod 3308 0x00007fe8b8a55310 code [0x00007fe8b8a554c0, 0x00007fe8b8a55740]
Event: 1,525 Thread 0x00007fe8d0159df0 3309       3       org.springframework.core.ResolvableType::<init> (41 bytes)
Event: 1,526 Thread 0x00007fe8d0159df0 nmethod 3309 0x00007fe8b8a55890 code [0x00007fe8b8a55a80, 0x00007fe8b8a56080]
Event: 1,527 Thread 0x00007fe8d0150730 nmethod 2822 0x00007fe8c0024990 code [0x00007fe8c0025440, 0x00007fe8c002f5c0]
Event: 1,527 Thread 0x00007fe8d0150730 3305       4       java.util.HashSet::contains (9 bytes)
Event: 1,527 Thread 0x00007fe8d0159df0 3310       3       org.springframework.core.type.classreading.SimpleMethodMetadata::isStatic (16 bytes)
Event: 1,527 Thread 0x00007fe8d0159df0 nmethod 3310 0x00007fe8b8a56290 code [0x00007fe8b8a56420, 0x00007fe8b8a56580]
Event: 1,527 Thread 0x00007fe8d0159df0 3311       3       org.springframework.core.annotation.TypeMappedAnnotations$MergedAnnotationFinder::finish (9 bytes)
Event: 1,527 Thread 0x00007fe8d0159df0 nmethod 3311 0x00007fe8b8a56610 code [0x00007fe8b8a567c0, 0x00007fe8b8a56ab0]
Event: 1,527 Thread 0x00007fe8d0159df0 3312       3       org.springframework.core.annotation.TypeMappedAnnotations$MergedAnnotationFinder::finish (13 bytes)
Event: 1,528 Thread 0x00007fe8d0159df0 nmethod 3312 0x00007fe8b8a56b90 code [0x00007fe8b8a56d20, 0x00007fe8b8a56e78]
Event: 1,528 Thread 0x00007fe8d0159df0 3313       3       java.util.Collections$UnmodifiableList::hashCode (10 bytes)
Event: 1,528 Thread 0x00007fe8d0159df0 nmethod 3313 0x00007fe8b8a56f10 code [0x00007fe8b8a570c0, 0x00007fe8b8a57298]
Event: 1,528 Thread 0x00007fe8d0159df0 3314       3       java.util.ArrayList::hashCode (22 bytes)
Event: 1,528 Thread 0x00007fe8d0159df0 nmethod 3314 0x00007fe8b8a57390 code [0x00007fe8b8a57560, 0x00007fe8b8a57840]
Event: 1,528 Thread 0x00007fe8d0159df0 3315       3       org.springframework.boot.autoconfigure.condition.OnBeanCondition$Spec::extract (168 bytes)
Event: 1,529 Thread 0x00007fe8d0159df0 nmethod 3315 0x00007fe8b8a57990 code [0x00007fe8b8a57cc0, 0x00007fe8b8a59420]
Event: 1,529 Thread 0x00007fe8d0159df0 3319       3       sun.reflect.generics.repository.GenericDeclRepository::getTypeParameters (27 bytes)
Event: 1,529 Thread 0x00007fe8d0159df0 nmethod 3319 0x00007fe8b8a59a90 code [0x00007fe8b8a59c60, 0x00007fe8b8a5a028]
Event: 1,530 Thread 0x00007fe8d0159df0 3320       3       java.util.stream.Nodes$SpinedNodeBuilder::begin (38 bytes)

GC Heap History (6 events):
Event: 0,429 GC heap before
{Heap before GC invocations=0 (full 0):
 garbage-first heap   total 225280K, used 21553K [0x0000000727600000, 0x0000000800000000)
  region size 2048K, 11 young (22528K), 0 survivors (0K)
 Metaspace       used 5135K, committed 5376K, reserved 1114112K
  class space    used 581K, committed 704K, reserved 1048576K
}
Event: 0,436 GC heap after
{Heap after GC invocations=1 (full 0):
 garbage-first heap   total 225280K, used 10079K [0x0000000727600000, 0x0000000800000000)
  region size 2048K, 2 young (4096K), 2 survivors (4096K)
 Metaspace       used 5135K, committed 5376K, reserved 1114112K
  class space    used 581K, committed 704K, reserved 1048576K
}
Event: 0,840 GC heap before
{Heap before GC invocations=1 (full 0):
 garbage-first heap   total 225280K, used 36703K [0x0000000727600000, 0x0000000800000000)
  region size 2048K, 15 young (30720K), 2 survivors (4096K)
 Metaspace       used 12719K, committed 13120K, reserved 1114112K
  class space    used 1643K, committed 1792K, reserved 1048576K
}
Event: 0,845 GC heap after
{Heap after GC invocations=2 (full 0):
 garbage-first heap   total 225280K, used 11719K [0x0000000727600000, 0x0000000800000000)
  region size 2048K, 2 young (4096K), 2 survivors (4096K)
 Metaspace       used 12719K, committed 13120K, reserved 1114112K
  class space    used 1643K, committed 1792K, reserved 1048576K
}
Event: 1,113 GC heap before
{Heap before GC invocations=2 (full 0):
 garbage-first heap   total 225280K, used 44487K [0x0000000727600000, 0x0000000800000000)
  region size 2048K, 20 young (40960K), 2 survivors (4096K)
 Metaspace       used 21168K, committed 21504K, reserved 1114112K
  class space    used 2713K, committed 2880K, reserved 1048576K
}
Event: 1,119 GC heap after
{Heap after GC invocations=3 (full 0):
 garbage-first heap   total 225280K, used 14782K [0x0000000727600000, 0x0000000800000000)
  region size 2048K, 3 young (6144K), 3 survivors (6144K)
 Metaspace       used 21168K, committed 21504K, reserved 1114112K
  class space    used 2713K, committed 2880K, reserved 1048576K
}

Dll operation events (9 events):
Event: 0,002 Loaded shared library /usr/lib/jvm/java-21-openjdk/lib/libjava.so
Event: 0,020 Loaded shared library /usr/lib/jvm/java-21-openjdk/lib/libjsvml.so
Event: 0,057 Loaded shared library /usr/lib/jvm/java-21-openjdk/lib/libzip.so
Event: 0,059 Loaded shared library /usr/lib/jvm/java-21-openjdk/lib/libinstrument.so
Event: 0,061 Loaded shared library /usr/lib/jvm/java-21-openjdk/lib/libnio.so
Event: 0,063 Loaded shared library /usr/lib/jvm/java-21-openjdk/lib/libzip.so
Event: 0,130 Loaded shared library /usr/lib/jvm/java-21-openjdk/lib/libnet.so
Event: 0,134 Loaded shared library /usr/lib/jvm/java-21-openjdk/lib/libextnet.so
Event: 0,161 Loaded shared library /usr/lib/jvm/java-21-openjdk/lib/libjimage.so

Deoptimization events (20 events):
Event: 1,355 Thread 0x00007fe8d001e150 Uncommon trap: trap_request=0xffffffde fr.pc=0x00007fe8bfff30c4 relative=0x00000000000004c4
Event: 1,355 Thread 0x00007fe8d001e150 Uncommon trap: reason=class_check action=maybe_recompile pc=0x00007fe8bfff30c4 method=java.lang.String.equals(Ljava/lang/Object;)Z @ 8 c2
Event: 1,355 Thread 0x00007fe8d001e150 DEOPT PACKING pc=0x00007fe8bfff30c4 sp=0x00007fe8d7bfdb80
Event: 1,355 Thread 0x00007fe8d001e150 DEOPT UNPACKING pc=0x00007fe8bf98af99 sp=0x00007fe8d7bfda58 mode 2
Event: 1,355 Thread 0x00007fe8d001e150 Uncommon trap: trap_request=0xffffffde fr.pc=0x00007fe8bfee9150 relative=0x00000000000001b0
Event: 1,355 Thread 0x00007fe8d001e150 Uncommon trap: reason=class_check action=maybe_recompile pc=0x00007fe8bfee9150 method=java.lang.String.equals(Ljava/lang/Object;)Z @ 8 c2
Event: 1,355 Thread 0x00007fe8d001e150 DEOPT PACKING pc=0x00007fe8bfee9150 sp=0x00007fe8d7bfdac0
Event: 1,355 Thread 0x00007fe8d001e150 DEOPT UNPACKING pc=0x00007fe8bf98af99 sp=0x00007fe8d7bfda68 mode 2
Event: 1,387 Thread 0x00007fe8d001e150 Uncommon trap: trap_request=0xffffffde fr.pc=0x00007fe8c0005d08 relative=0x00000000000012e8
Event: 1,387 Thread 0x00007fe8d001e150 Uncommon trap: reason=class_check action=maybe_recompile pc=0x00007fe8c0005d08 method=org.springframework.core.annotation.MergedAnnotationsCollection$AnnotationsSpliterator.tryAdvance(Ljava/util/function/Consumer;)Z @ 107 c2
Event: 1,387 Thread 0x00007fe8d001e150 DEOPT PACKING pc=0x00007fe8c0005d08 sp=0x00007fe8d7bfdbc0
Event: 1,387 Thread 0x00007fe8d001e150 DEOPT UNPACKING pc=0x00007fe8bf98af99 sp=0x00007fe8d7bfdbd8 mode 2
Event: 1,387 Thread 0x00007fe8d001e150 Uncommon trap: trap_request=0xffffffde fr.pc=0x00007fe8c00062f8 relative=0x00000000000018d8
Event: 1,387 Thread 0x00007fe8d001e150 Uncommon trap: reason=class_check action=maybe_recompile pc=0x00007fe8c00062f8 method=java.lang.String.equals(Ljava/lang/Object;)Z @ 8 c2
Event: 1,387 Thread 0x00007fe8d001e150 DEOPT PACKING pc=0x00007fe8c00062f8 sp=0x00007fe8d7bfdb70
Event: 1,387 Thread 0x00007fe8d001e150 DEOPT UNPACKING pc=0x00007fe8bf98af99 sp=0x00007fe8d7bfda40 mode 2
Event: 1,459 Thread 0x00007fe8d001e150 Uncommon trap: trap_request=0xffffff45 fr.pc=0x00007fe8bffeaa8c relative=0x000000000000024c
Event: 1,459 Thread 0x00007fe8d001e150 Uncommon trap: reason=unstable_if action=reinterpret pc=0x00007fe8bffeaa8c method=org.springframework.util.ConcurrentReferenceHashMap$Segment.findInChain(Lorg/springframework/util/ConcurrentReferenceHashMap$Reference;Ljava/lang/Object;I)Lorg/springframewo
Event: 1,459 Thread 0x00007fe8d001e150 DEOPT PACKING pc=0x00007fe8bffeaa8c sp=0x00007fe8d7bfd0e0
Event: 1,459 Thread 0x00007fe8d001e150 DEOPT UNPACKING pc=0x00007fe8bf98af99 sp=0x00007fe8d7bfd088 mode 2

Classes loaded (20 events):
Event: 1,166 Loading class jdk/xml/internal/XMLSecurityManager$Processor
Event: 1,166 Loading class jdk/xml/internal/XMLSecurityManager$Processor done
Event: 1,166 Loading class jdk/xml/internal/XMLSecurityManager$NameMap
Event: 1,166 Loading class jdk/xml/internal/XMLSecurityManager$NameMap done
Event: 1,166 Loading class jdk/xml/internal/JdkProperty
Event: 1,166 Loading class jdk/xml/internal/JdkProperty done
Event: 1,198 Loading class java/util/stream/Streams$ConcatSpliterator$OfRef
Event: 1,198 Loading class java/util/stream/Streams$ConcatSpliterator
Event: 1,198 Loading class java/util/stream/Streams$ConcatSpliterator done
Event: 1,198 Loading class java/util/stream/Streams$ConcatSpliterator$OfRef done
Event: 1,198 Loading class java/util/stream/Streams$2
Event: 1,198 Loading class java/util/stream/Streams$2 done
Event: 1,247 Loading class java/security/AccessControlException
Event: 1,247 Loading class java/security/AccessControlException done
Event: 1,249 Loading class java/beans/PropertyVetoException
Event: 1,250 Loading class java/beans/PropertyVetoException done
Event: 1,524 Loading class java/lang/UnsupportedClassVersionError
Event: 1,524 Loading class java/lang/ClassFormatError
Event: 1,524 Loading class java/lang/ClassFormatError done
Event: 1,524 Loading class java/lang/UnsupportedClassVersionError done

Classes unloaded (0 events):
No events

Classes redefined (0 events):
No events

Internal exceptions (20 events):
Event: 0,656 Thread 0x00007fe8d001e150 Exception <a 'java/lang/NoSuchMethodError'{0x00000007344fba30}: 'java.lang.Object java.lang.invoke.Invokers$Holder.linkToTargetMethod(java.lang.Object, java.lang.Object, int, java.lang.Object, java.lang.Object)'> (0x00000007344fba30) 
thrown [/usr/src/debug/java21-openjdk/jdk21u-jdk-21.0.10-7/src/hotspot/share/interpreter/linkResolver.cpp, line 772]
Event: 0,657 Thread 0x00007fe8d001e150 Exception <a 'java/lang/NoSuchMethodError'{0x000000073450a818}: 'java.lang.Object java.lang.invoke.DirectMethodHandle$Holder.newInvokeSpecial(java.lang.Object, int, java.lang.Object)'> (0x000000073450a818) 
thrown [/usr/src/debug/java21-openjdk/jdk21u-jdk-21.0.10-7/src/hotspot/share/interpreter/linkResolver.cpp, line 772]
Event: 0,658 Thread 0x00007fe8d001e150 Exception <a 'java/lang/NoSuchMethodError'{0x000000073450f018}: 'int java.lang.invoke.DirectMethodHandle$Holder.invokeSpecialIFC(java.lang.Object, java.lang.Object, java.lang.Object, java.lang.Object)'> (0x000000073450f018) 
thrown [/usr/src/debug/java21-openjdk/jdk21u-jdk-21.0.10-7/src/hotspot/share/interpreter/linkResolver.cpp, line 772]
Event: 0,676 Thread 0x00007fe8d001e150 Exception <a 'java/lang/NoSuchMethodError'{0x00000007345ae908}: 'void java.lang.invoke.DirectMethodHandle$Holder.invokeInterface(java.lang.Object, java.lang.Object, java.lang.Object)'> (0x00000007345ae908) 
thrown [/usr/src/debug/java21-openjdk/jdk21u-jdk-21.0.10-7/src/hotspot/share/interpreter/linkResolver.cpp, line 772]
Event: 0,688 Thread 0x00007fe8d001e150 Exception <a 'java/lang/NoSuchMethodError'{0x000000073422adc0}: 'void java.lang.invoke.DirectMethodHandle$Holder.invokeStaticInit(java.lang.Object, java.lang.Object, java.lang.Object)'> (0x000000073422adc0) 
thrown [/usr/src/debug/java21-openjdk/jdk21u-jdk-21.0.10-7/src/hotspot/share/interpreter/linkResolver.cpp, line 772]
Event: 0,691 Thread 0x00007fe8d001e150 Exception <a 'java/lang/NoSuchMethodError'{0x0000000734273018}: 'java.lang.Object java.lang.invoke.DirectMethodHandle$Holder.invokeVirtual(java.lang.Object, java.lang.Object, java.lang.Object)'> (0x0000000734273018) 
thrown [/usr/src/debug/java21-openjdk/jdk21u-jdk-21.0.10-7/src/hotspot/share/interpreter/linkResolver.cpp, line 772]
Event: 0,694 Thread 0x00007fe8d001e150 Exception <a 'java/lang/NoSuchMethodError'{0x0000000734294a60}: 'java.lang.Object java.lang.invoke.DirectMethodHandle$Holder.invokeStaticInit(java.lang.Object, int)'> (0x0000000734294a60) 
thrown [/usr/src/debug/java21-openjdk/jdk21u-jdk-21.0.10-7/src/hotspot/share/interpreter/linkResolver.cpp, line 772]
Event: 0,695 Thread 0x00007fe8d001e150 Exception <a 'java/lang/NoSuchMethodError'{0x000000073429ede8}: 'java.lang.Object java.lang.invoke.DirectMethodHandle$Holder.invokeStaticInit(java.lang.Object, int, java.lang.Object)'> (0x000000073429ede8) 
thrown [/usr/src/debug/java21-openjdk/jdk21u-jdk-21.0.10-7/src/hotspot/share/interpreter/linkResolver.cpp, line 772]
Event: 0,710 Thread 0x00007fe8d001e150 Exception <a 'java/lang/NoSuchMethodError'{0x000000073433e400}: 'void java.lang.invoke.DirectMethodHandle$Holder.invokeVirtual(java.lang.Object, java.lang.Object, java.lang.Object, java.lang.Object)'> (0x000000073433e400) 
thrown [/usr/src/debug/java21-openjdk/jdk21u-jdk-21.0.10-7/src/hotspot/share/interpreter/linkResolver.cpp, line 772]
Event: 0,771 Thread 0x00007fe8d001e150 Exception <a 'java/lang/NoSuchMethodError'{0x0000000733e54218}: 'java.lang.Object java.lang.invoke.Invokers$Holder.invoke_MT(java.lang.Object, java.lang.Object, java.lang.Object, java.lang.Object, java.lang.Object, java.lang.Object, java.lang.Object, java.lang.Object, java.lang.Object)'> (0x0000000733e54218) 
thrown [/usr/src/debug/java21-openjdk/jdk21u-jdk-21.0.10-7/src/hotspot/share/interpreter/linkResolver.cpp, line 772]
Event: 0,774 Thread 0x00007fe8d001e150 Exception <a 'java/lang/NoSuchMethodError'{0x0000000733ec4978}: 'java.lang.reflect.Field[] java.lang.Class.getDeclaredFields(java.lang.Class)'> (0x0000000733ec4978) 
thrown [/usr/src/debug/java21-openjdk/jdk21u-jdk-21.0.10-7/src/hotspot/share/interpreter/linkResolver.cpp, line 772]
Event: 0,783 Thread 0x00007fe8d001e150 Exception <a 'java/lang/IncompatibleClassChangeError'{0x0000000733fcfb40}: Found class java.lang.Object, but interface was expected> (0x0000000733fcfb40) 
thrown [/usr/src/debug/java21-openjdk/jdk21u-jdk-21.0.10-7/src/hotspot/share/interpreter/linkResolver.cpp, line 840]
Event: 0,965 Thread 0x00007fe8d001e150 Exception <a 'java/lang/NoSuchMethodError'{0x00000007340934e8}: 'int java.lang.invoke.DirectMethodHandle$Holder.invokeSpecial(java.lang.Object, java.lang.Object, java.lang.Object, java.lang.Object, java.lang.Object)'> (0x00000007340934e8) 
thrown [/usr/src/debug/java21-openjdk/jdk21u-jdk-21.0.10-7/src/hotspot/share/interpreter/linkResolver.cpp, line 772]
Event: 0,967 Thread 0x00007fe8d001e150 Exception <a 'java/lang/NoSuchMethodError'{0x000000073409b778}: 'void java.lang.invoke.DirectMethodHandle$Holder.invokeVirtual(java.lang.Object, java.lang.Object)'> (0x000000073409b778) 
thrown [/usr/src/debug/java21-openjdk/jdk21u-jdk-21.0.10-7/src/hotspot/share/interpreter/linkResolver.cpp, line 772]
Event: 1,051 Thread 0x00007fe8d0a268b0 Exception <a 'java/lang/NoSuchMethodError'{0x00000007337f1a10}: 'long java.lang.invoke.DirectMethodHandle$Holder.invokeSpecial(java.lang.Object, java.lang.Object)'> (0x00000007337f1a10) 
thrown [/usr/src/debug/java21-openjdk/jdk21u-jdk-21.0.10-7/src/hotspot/share/interpreter/linkResolver.cpp, line 772]
Event: 1,052 Thread 0x00007fe8d0a268b0 Exception <a 'java/lang/NoSuchMethodError'{0x00000007337fb5e8}: 'long java.lang.invoke.DirectMethodHandle$Holder.invokeStatic(java.lang.Object, java.lang.Object)'> (0x00000007337fb5e8) 
thrown [/usr/src/debug/java21-openjdk/jdk21u-jdk-21.0.10-7/src/hotspot/share/interpreter/linkResolver.cpp, line 772]
Event: 1,052 Thread 0x00007fe8d0a268b0 Exception <a 'java/lang/NoSuchMethodError'{0x00000007337fe6e0}: 'long java.lang.invoke.DirectMethodHandle$Holder.invokeStaticInit(java.lang.Object, java.lang.Object)'> (0x00000007337fe6e0) 
thrown [/usr/src/debug/java21-openjdk/jdk21u-jdk-21.0.10-7/src/hotspot/share/interpreter/linkResolver.cpp, line 772]
Event: 1,054 Thread 0x00007fe8d0a268b0 Exception <a 'java/lang/NoSuchMethodError'{0x0000000733481e20}: 'long java.lang.invoke.DirectMethodHandle$Holder.invokeInterface(java.lang.Object, java.lang.Object)'> (0x0000000733481e20) 
thrown [/usr/src/debug/java21-openjdk/jdk21u-jdk-21.0.10-7/src/hotspot/share/interpreter/linkResolver.cpp, line 772]
Event: 1,055 Thread 0x00007fe8d0a268b0 Exception <a 'java/lang/IncompatibleClassChangeError'{0x0000000733484e40}: Found class java.lang.Object, but interface was expected> (0x0000000733484e40) 
thrown [/usr/src/debug/java21-openjdk/jdk21u-jdk-21.0.10-7/src/hotspot/share/interpreter/linkResolver.cpp, line 840]
Event: 1,135 Thread 0x00007fe8d001e150 Exception <a 'java/lang/IncompatibleClassChangeError'{0x0000000734ea6020}: Found class java.lang.Object, but interface was expected> (0x0000000734ea6020) 
thrown [/usr/src/debug/java21-openjdk/jdk21u-jdk-21.0.10-7/src/hotspot/share/interpreter/linkResolver.cpp, line 840]

ZGC Phase Switch (0 events):
No events

VM Operations (20 events):
Event: 0,948 Executing non-safepoint VM operation: HandshakeAllThreads (Deoptimize)
Event: 0,948 Executing non-safepoint VM operation: HandshakeAllThreads (Deoptimize) done
Event: 1,088 Executing safepoint VM operation: ICBufferFull
Event: 1,089 Executing safepoint VM operation: ICBufferFull done
Event: 1,110 Executing non-safepoint VM operation: HandshakeAllThreads (Deoptimize)
Event: 1,110 Executing non-safepoint VM operation: HandshakeAllThreads (Deoptimize) done
Event: 1,113 Executing safepoint VM operation: CollectForMetadataAllocation (Metadata GC Threshold)
Event: 1,119 Executing safepoint VM operation: CollectForMetadataAllocation (Metadata GC Threshold) done
Event: 1,123 Executing safepoint VM operation: G1PauseRemark
Event: 1,125 Executing safepoint VM operation: G1PauseRemark done
Event: 1,126 Executing safepoint VM operation: G1PauseCleanup
Event: 1,126 Executing safepoint VM operation: G1PauseCleanup done
Event: 1,137 Executing non-safepoint VM operation: HandshakeAllThreads (Deoptimize)
Event: 1,137 Executing non-safepoint VM operation: HandshakeAllThreads (Deoptimize) done
Event: 1,140 Executing non-safepoint VM operation: HandshakeAllThreads (Deoptimize)
Event: 1,140 Executing non-safepoint VM operation: HandshakeAllThreads (Deoptimize) done
Event: 1,302 Executing safepoint VM operation: ICBufferFull
Event: 1,302 Executing safepoint VM operation: ICBufferFull done
Event: 1,491 Executing safepoint VM operation: ICBufferFull
Event: 1,492 Executing safepoint VM operation: ICBufferFull done

Memory protections (15 events):
Event: 0,002 Protecting memory [0x00007fe8d7b00000,0x00007fe8d7b04000] with protection modes 0
Event: 0,019 Protecting memory [0x00007fe8d4ba9000,0x00007fe8d4bad000] with protection modes 0
Event: 0,019 Protecting memory [0x00007fe8d4700000,0x00007fe8d4704000] with protection modes 0
Event: 0,019 Protecting memory [0x00007fe8d45ff000,0x00007fe8d4603000] with protection modes 0
Event: 0,019 Protecting memory [0x00007fe8d44fe000,0x00007fe8d4502000] with protection modes 0
Event: 0,019 Protecting memory [0x00007fe8d43fd000,0x00007fe8d4401000] with protection modes 0
Event: 0,020 Protecting memory [0x00007fe8d42fc000,0x00007fe8d4300000] with protection modes 0
Event: 0,020 Protecting memory [0x00007fe8d41fb000,0x00007fe8d41ff000] with protection modes 0
Event: 0,060 Protecting memory [0x00007fe8d4029000,0x00007fe8d402d000] with protection modes 0
Event: 0,079 Protecting memory [0x00007fe8cff00000,0x00007fe8cff04000] with protection modes 0
Event: 0,128 Protecting memory [0x00007fe8b4cd8000,0x00007fe8b4cdc000] with protection modes 0
Event: 0,128 Protecting memory [0x00007fe8b4bd7000,0x00007fe8b4bdb000] with protection modes 0
Event: 0,769 Protecting memory [0x00007fe8b46d2000,0x00007fe8b46d6000] with protection modes 0
Event: 0,953 Protecting memory [0x00007fe8b43cf000,0x00007fe8b43d3000] with protection modes 0
Event: 1,102 Protecting memory [0x00007fe8b42ce000,0x00007fe8b42d2000] with protection modes 0

Nmethod flushes (0 events):
No events

Events (17 events):
Event: 0,011 Thread 0x00007fe8d001e150 Thread added: 0x00007fe8d001e150
Event: 0,019 Thread 0x00007fe8d001e150 Thread added: 0x00007fe8d01492c0
Event: 0,019 Thread 0x00007fe8d001e150 Thread added: 0x00007fe8d014a840
Event: 0,019 Thread 0x00007fe8d001e150 Thread added: 0x00007fe8d014bfe0
Event: 0,019 Thread 0x00007fe8d001e150 Thread added: 0x00007fe8d014d630
Event: 0,019 Thread 0x00007fe8d001e150 Thread added: 0x00007fe8d014ebe0
Event: 0,020 Thread 0x00007fe8d001e150 Thread added: 0x00007fe8d0150730
Event: 0,020 Thread 0x00007fe8d001e150 Thread added: 0x00007fe8d0159df0
Event: 0,060 Thread 0x00007fe8d001e150 Thread added: 0x00007fe8d01a6f50
Event: 0,079 Thread 0x00007fe8d0150730 Thread added: 0x00007fe838179fb0
Event: 0,128 Thread 0x00007fe8d001e150 Thread added: 0x00007fe8d06122a0
Event: 0,128 Thread 0x00007fe8d001e150 Thread added: 0x00007fe8d0614400
Event: 0,769 Thread 0x00007fe8d001e150 Thread added: 0x00007fe8d0a268b0
Event: 0,953 Thread 0x00007fe8d0159df0 Thread added: 0x00007fe82c442a40
Event: 1,102 Thread 0x00007fe8d001e150 Thread added: 0x00007fe8d0d68560
Event: 1,128 Thread 0x00007fe8d0d68560 Thread exited: 0x00007fe8d0d68560
Event: 1,167 Thread 0x00007fe8d0a268b0 Thread exited: 0x00007fe8d0a268b0


Dynamic libraries:
727600000-72a800000 rw-p 00000000 00:00 0 
72a800000-732200000 ---p 00000000 00:00 0 
732200000-732800000 rw-p 00000000 00:00 0 
732800000-734e00000 ---p 00000000 00:00 0 
734e00000-735000000 rw-p 00000000 00:00 0 
735000000-7ffe00000 ---p 00000000 00:00 0 
7ffe00000-7fff0d000 rw-p 00cda000 00:21 956516                           /usr/lib/jvm/java-21-openjdk/lib/server/classes.jsa
7fff0d000-800000000 rw-p 00000000 00:00 0 
558223119000-55822311a000 r--p 00000000 00:21 956278                     /usr/lib/jvm/java-21-openjdk/bin/java
55822311a000-55822311b000 r-xp 00001000 00:21 956278                     /usr/lib/jvm/java-21-openjdk/bin/java
55822311b000-55822311c000 r--p 00002000 00:21 956278                     /usr/lib/jvm/java-21-openjdk/bin/java
55822311c000-55822311d000 r--p 00002000 00:21 956278                     /usr/lib/jvm/java-21-openjdk/bin/java
55822311d000-55822311e000 rw-p 00003000 00:21 956278                     /usr/lib/jvm/java-21-openjdk/bin/java
5582624b7000-558262501000 rw-p 00000000 00:00 0                          [heap]
7fe7e4000000-7fe7e4021000 rw-p 00000000 00:00 0 
7fe7e4021000-7fe7e8000000 ---p 00000000 00:00 0 
7fe7ec000000-7fe7ec021000 rw-p 00000000 00:00 0 
7fe7ec021000-7fe7f0000000 ---p 00000000 00:00 0 
7fe7f0000000-7fe7f0021000 rw-p 00000000 00:00 0 
7fe7f0021000-7fe7f4000000 ---p 00000000 00:00 0 
7fe7f4000000-7fe7f4021000 rw-p 00000000 00:00 0 
7fe7f4021000-7fe7f8000000 ---p 00000000 00:00 0 
7fe7f8000000-7fe7f8021000 rw-p 00000000 00:00 0 
7fe7f8021000-7fe7fc000000 ---p 00000000 00:00 0 
7fe7fc000000-7fe7fcf13000 rw-p 00000000 00:00 0 
7fe7fcf13000-7fe800000000 ---p 00000000 00:00 0 
7fe800000000-7fe80007c000 rw-p 00000000 00:00 0 
7fe80007c000-7fe804000000 ---p 00000000 00:00 0 
7fe804000000-7fe804021000 rw-p 00000000 00:00 0 
7fe804021000-7fe808000000 ---p 00000000 00:00 0 
7fe808000000-7fe808021000 rw-p 00000000 00:00 0 
7fe808021000-7fe80c000000 ---p 00000000 00:00 0 
7fe80c000000-7fe80c021000 rw-p 00000000 00:00 0 
7fe80c021000-7fe810000000 ---p 00000000 00:00 0 
7fe810000000-7fe81058d000 rw-p 00000000 00:00 0 
7fe81058d000-7fe814000000 ---p 00000000 00:00 0 
7fe814000000-7fe814021000 rw-p 00000000 00:00 0 
7fe814021000-7fe818000000 ---p 00000000 00:00 0 
7fe818000000-7fe818021000 rw-p 00000000 00:00 0 
7fe818021000-7fe81c000000 ---p 00000000 00:00 0 
7fe81c000000-7fe81c021000 rw-p 00000000 00:00 0 
7fe81c021000-7fe820000000 ---p 00000000 00:00 0 
7fe820000000-7fe820021000 rw-p 00000000 00:00 0 
7fe820021000-7fe824000000 ---p 00000000 00:00 0 
7fe824000000-7fe824dfd000 rw-p 00000000 00:00 0 
7fe824dfd000-7fe828000000 ---p 00000000 00:00 0 
7fe828000000-7fe828021000 rw-p 00000000 00:00 0 
7fe828021000-7fe82c000000 ---p 00000000 00:00 0 
7fe82c000000-7fe82c6be000 rw-p 00000000 00:00 0 
7fe82c6be000-7fe830000000 ---p 00000000 00:00 0 
7fe830000000-7fe830021000 rw-p 00000000 00:00 0 
7fe830021000-7fe834000000 ---p 00000000 00:00 0 
7fe834000000-7fe834021000 rw-p 00000000 00:00 0 
7fe834021000-7fe838000000 ---p 00000000 00:00 0 
7fe838000000-7fe839177000 rw-p 00000000 00:00 0 
7fe839177000-7fe83c000000 ---p 00000000 00:00 0 
7fe83c000000-7fe83c021000 rw-p 00000000 00:00 0 
7fe83c021000-7fe840000000 ---p 00000000 00:00 0 
7fe840000000-7fe840021000 rw-p 00000000 00:00 0 
7fe840021000-7fe844000000 ---p 00000000 00:00 0 
7fe844000000-7fe844021000 rw-p 00000000 00:00 0 
7fe844021000-7fe848000000 ---p 00000000 00:00 0 
7fe848000000-7fe848021000 rw-p 00000000 00:00 0 
7fe848021000-7fe84c000000 ---p 00000000 00:00 0 
7fe84c000000-7fe84c021000 rw-p 00000000 00:00 0 
7fe84c021000-7fe850000000 ---p 00000000 00:00 0 
7fe853000000-7fe853400000 rw-p 00000000 00:00 0 
7fe853400000-7fe853e00000 rw-p 00000000 00:00 0 
7fe853e00000-7fe854100000 rw-p 00000000 00:00 0 
7fe854100000-7fe854200000 rw-p 00000000 00:00 0 
7fe854200000-7fe8545c0000 rw-p 00000000 00:00 0 
7fe8545c0000-7fe857000000 ---p 00000000 00:00 0 
7fe857000000-7fe857c9b000 rw-p 00001000 00:21 956516                     /usr/lib/jvm/java-21-openjdk/lib/server/classes.jsa
7fe857c9b000-7fe858000000 ---p 00000000 00:00 0 
7fe858000000-7fe858040000 rw-p 00000000 00:00 0 
7fe858040000-7fe858080000 rw-p 00000000 00:00 0 
7fe858080000-7fe8580e0000 rw-p 00000000 00:00 0 
7fe8580e0000-7fe858100000 rw-p 00000000 00:00 0 
7fe858100000-7fe858250000 rw-p 00000000 00:00 0 
7fe858250000-7fe858280000 ---p 00000000 00:00 0 
7fe858280000-7fe858340000 rw-p 00000000 00:00 0 
7fe858340000-7fe858350000 rw-p 00000000 00:00 0 
7fe858350000-7fe858380000 ---p 00000000 00:00 0 
7fe858380000-7fe8583b0000 rw-p 00000000 00:00 0 
7fe8583b0000-7fe898000000 ---p 00000000 00:00 0 
7fe898000000-7fe898021000 rw-p 00000000 00:00 0 
7fe898021000-7fe89c000000 ---p 00000000 00:00 0 
7fe89c000000-7fe89c021000 rw-p 00000000 00:00 0 
7fe89c021000-7fe8a0000000 ---p 00000000 00:00 0 
7fe8a0000000-7fe8a0021000 rw-p 00000000 00:00 0 
7fe8a0021000-7fe8a4000000 ---p 00000000 00:00 0 
7fe8a5cfd000-7fe8a6000000 rw-p 00000000 00:00 0 
7fe8a6000000-7fe8a8021000 rw-p 00000000 00:00 0 
7fe8a8021000-7fe8ac000000 ---p 00000000 00:00 0 
7fe8ac000000-7fe8ac021000 rw-p 00000000 00:00 0 
7fe8ac021000-7fe8b0000000 ---p 00000000 00:00 0 
7fe8b0000000-7fe8b0021000 rw-p 00000000 00:00 0 
7fe8b0021000-7fe8b4000000 ---p 00000000 00:00 0 
7fe8b40cb000-7fe8b42ce000 rw-p 00000000 00:00 0 
7fe8b42ce000-7fe8b42d2000 ---p 00000000 00:00 0 
7fe8b42d2000-7fe8b43cf000 rw-p 00000000 00:00 0 
7fe8b43cf000-7fe8b43d3000 ---p 00000000 00:00 0 
7fe8b43d3000-7fe8b46d2000 rw-p 00000000 00:00 0 
7fe8b46d2000-7fe8b46d6000 ---p 00000000 00:00 0 
7fe8b46d6000-7fe8b4bd7000 rw-p 00000000 00:00 0 
7fe8b4bd7000-7fe8b4bdb000 ---p 00000000 00:00 0 
7fe8b4bdb000-7fe8b4cd8000 rw-p 00000000 00:00 0 
7fe8b4cd8000-7fe8b4cdc000 ---p 00000000 00:00 0 
7fe8b4cdc000-7fe8b4dd8000 rw-p 00000000 00:00 0 
7fe8b4dd8000-7fe8b4ea0000 rw-p 00000000 00:00 0 
7fe8b4ea0000-7fe8b5088000 ---p 00000000 00:00 0 
7fe8b5088000-7fe8b50a0000 rw-p 00000000 00:00 0 
7fe8b50a0000-7fe8b5138000 ---p 00000000 00:00 0 
7fe8b5138000-7fe8b5140000 rw-p 00000000 00:00 0 
7fe8b5140000-7fe8b83f8000 ---p 00000000 00:00 0 
7fe8b83f8000-7fe8b8400000 rw-p 00000000 00:00 0 
7fe8b8400000-7fe8b8a60000 rwxp 00000000 00:00 0 
7fe8b8a60000-7fe8bf937000 ---p 00000000 00:00 0 
7fe8bf937000-7fe8bfba7000 rwxp 00000000 00:00 0 
7fe8bfba7000-7fe8bfec9000 ---p 00000000 00:00 0 
7fe8bfec9000-7fe8c0139000 rwxp 00000000 00:00 0 
7fe8c0139000-7fe8c7400000 ---p 00000000 00:00 0 
7fe8c7400000-7fe8cfec4000 r--s 00000000 00:21 956509                     /usr/lib/jvm/java-21-openjdk/lib/modules
7fe8cfeff000-7fe8cff00000 rw-p 00000000 00:00 0 
7fe8cff00000-7fe8cff04000 ---p 00000000 00:00 0 
7fe8cff04000-7fe8d0000000 rw-p 00000000 00:00 0 
7fe8d0000000-7fe8d0fea000 rw-p 00000000 00:00 0 
7fe8d0fea000-7fe8d4000000 ---p 00000000 00:00 0 
7fe8d4028000-7fe8d4029000 rw-p 00000000 00:00 0 
7fe8d4029000-7fe8d402d000 ---p 00000000 00:00 0 
7fe8d402d000-7fe8d4129000 rw-p 00000000 00:00 0 
7fe8d4129000-7fe8d412e000 r--p 00000000 00:21 956492                     /usr/lib/jvm/java-21-openjdk/lib/libjsvml.so
7fe8d412e000-7fe8d416f000 r-xp 00005000 00:21 956492                     /usr/lib/jvm/java-21-openjdk/lib/libjsvml.so
7fe8d416f000-7fe8d41f8000 r--p 00046000 00:21 956492                     /usr/lib/jvm/java-21-openjdk/lib/libjsvml.so
7fe8d41f8000-7fe8d41f9000 r--p 000ce000 00:21 956492                     /usr/lib/jvm/java-21-openjdk/lib/libjsvml.so
7fe8d41f9000-7fe8d41fa000 rw-p 000cf000 00:21 956492                     /usr/lib/jvm/java-21-openjdk/lib/libjsvml.so
7fe8d41fa000-7fe8d41fb000 rw-p 00000000 00:00 0 
7fe8d41fb000-7fe8d41ff000 ---p 00000000 00:00 0 
7fe8d41ff000-7fe8d42fc000 rw-p 00000000 00:00 0 
7fe8d42fc000-7fe8d4300000 ---p 00000000 00:00 0 
7fe8d4300000-7fe8d43fd000 rw-p 00000000 00:00 0 
7fe8d43fd000-7fe8d4401000 ---p 00000000 00:00 0 
7fe8d4401000-7fe8d44fe000 rw-p 00000000 00:00 0 
7fe8d44fe000-7fe8d4502000 ---p 00000000 00:00 0 
7fe8d4502000-7fe8d45ff000 rw-p 00000000 00:00 0 
7fe8d45ff000-7fe8d4603000 ---p 00000000 00:00 0 
7fe8d4603000-7fe8d4700000 rw-p 00000000 00:00 0 
7fe8d4700000-7fe8d4704000 ---p 00000000 00:00 0 
7fe8d4704000-7fe8d4800000 rw-p 00000000 00:00 0 
7fe8d4800000-7fe8d4aed000 r--p 00000000 00:21 707360                     /usr/lib/locale/locale-archive
7fe8d4ba8000-7fe8d4ba9000 rw-p 00000000 00:00 0 
7fe8d4ba9000-7fe8d4bad000 ---p 00000000 00:00 0 
7fe8d4bad000-7fe8d4eab000 rw-p 00000000 00:00 0 
7fe8d4eab000-7fe8d4f87000 rw-p 00000000 00:00 0 
7fe8d4f87000-7fe8d5189000 rw-p 00000000 00:00 0 
7fe8d5189000-7fe8d5b93000 rw-p 00000000 00:00 0 
7fe8d5b93000-7fe8d5e96000 rw-p 00000000 00:00 0 
7fe8d5e96000-7fe8d5eaf000 rw-p 00000000 00:00 0 
7fe8d5eaf000-7fe8d5eec000 ---p 00000000 00:00 0 
7fe8d5eec000-7fe8d5eef000 rw-p 00000000 00:00 0 
7fe8d5eef000-7fe8d5f02000 ---p 00000000 00:00 0 
7fe8d5f02000-7fe8d5f03000 rw-p 00000000 00:00 0 
7fe8d5f03000-7fe8d655a000 ---p 00000000 00:00 0 
7fe8d655a000-7fe8d6574000 rw-p 00000000 00:00 0 
7fe8d6574000-7fe8d65b1000 ---p 00000000 00:00 0 
7fe8d65b1000-7fe8d65b4000 rw-p 00000000 00:00 0 
7fe8d65b4000-7fe8d65c7000 ---p 00000000 00:00 0 
7fe8d65c7000-7fe8d65c8000 rw-p 00000000 00:00 0 
7fe8d65c8000-7fe8d6c1f000 ---p 00000000 00:00 0 
7fe8d6c1f000-7fe8d762f000 rw-p 00000000 00:00 0 
7fe8d762f000-7fe8d7715000 ---p 00000000 00:00 0 
7fe8d7715000-7fe8d7722000 rw-p 00000000 00:00 0 
7fe8d7722000-7fe8d7800000 ---p 00000000 00:00 0 
7fe8d7800000-7fe8d7894000 r--p 00000000 00:21 707405                     /usr/lib/libstdc++.so.6.0.34
7fe8d7894000-7fe8d7a34000 r-xp 00094000 00:21 707405                     /usr/lib/libstdc++.so.6.0.34
7fe8d7a34000-7fe8d7aca000 r--p 00234000 00:21 707405                     /usr/lib/libstdc++.so.6.0.34
7fe8d7aca000-7fe8d7ada000 r--p 002ca000 00:21 707405                     /usr/lib/libstdc++.so.6.0.34
7fe8d7ada000-7fe8d7adb000 rw-p 002da000 00:21 707405                     /usr/lib/libstdc++.so.6.0.34
7fe8d7adb000-7fe8d7adf000 rw-p 00000000 00:00 0 
7fe8d7af1000-7fe8d7af4000 r--p 00000000 00:21 956499                     /usr/lib/jvm/java-21-openjdk/lib/libnet.so
7fe8d7af4000-7fe8d7afc000 r-xp 00003000 00:21 956499                     /usr/lib/jvm/java-21-openjdk/lib/libnet.so
7fe8d7afc000-7fe8d7afe000 r--p 0000b000 00:21 956499                     /usr/lib/jvm/java-21-openjdk/lib/libnet.so
7fe8d7afe000-7fe8d7aff000 r--p 0000c000 00:21 956499                     /usr/lib/jvm/java-21-openjdk/lib/libnet.so
7fe8d7aff000-7fe8d7b00000 rw-p 0000d000 00:21 956499                     /usr/lib/jvm/java-21-openjdk/lib/libnet.so
7fe8d7b00000-7fe8d7b04000 ---p 00000000 00:00 0 
7fe8d7b04000-7fe8d7c00000 rw-p 00000000 00:00 0 
7fe8d7c00000-7fe8d7c10000 r--p 00000000 00:21 956519                     /usr/lib/jvm/java-21-openjdk/lib/server/libjvm.so
7fe8d7c10000-7fe8d8b76000 r-xp 00010000 00:21 956519                     /usr/lib/jvm/java-21-openjdk/lib/server/libjvm.so
7fe8d8b76000-7fe8d8e52000 r--p 00f76000 00:21 956519                     /usr/lib/jvm/java-21-openjdk/lib/server/libjvm.so
7fe8d8e52000-7fe8d8f28000 r--p 01251000 00:21 956519                     /usr/lib/jvm/java-21-openjdk/lib/server/libjvm.so
7fe8d8f28000-7fe8d8f58000 rw-p 01327000 00:21 956519                     /usr/lib/jvm/java-21-openjdk/lib/server/libjvm.so
7fe8d8f58000-7fe8d8fbf000 rw-p 00000000 00:00 0 
7fe8d8fc4000-7fe8d8fcb000 r--s 00000000 00:21 707362                     /usr/lib/gconv/gconv-modules.cache
7fe8d8fcb000-7fe8d8fd2000 r--p 00000000 00:21 956500                     /usr/lib/jvm/java-21-openjdk/lib/libnio.so
7fe8d8fd2000-7fe8d8fdb000 r-xp 00007000 00:21 956500                     /usr/lib/jvm/java-21-openjdk/lib/libnio.so
7fe8d8fdb000-7fe8d8fdf000 r--p 00010000 00:21 956500                     /usr/lib/jvm/java-21-openjdk/lib/libnio.so
7fe8d8fdf000-7fe8d8fe0000 r--p 00014000 00:21 956500                     /usr/lib/jvm/java-21-openjdk/lib/libnio.so
7fe8d8fe0000-7fe8d8fe1000 rw-p 00015000 00:21 956500                     /usr/lib/jvm/java-21-openjdk/lib/libnio.so
7fe8d8fe1000-7fe8d8fe3000 r--p 00000000 00:21 956508                     /usr/lib/jvm/java-21-openjdk/lib/libzip.so
7fe8d8fe3000-7fe8d8ff6000 r-xp 00002000 00:21 956508                     /usr/lib/jvm/java-21-openjdk/lib/libzip.so
7fe8d8ff6000-7fe8d8ffe000 r--p 00015000 00:21 956508                     /usr/lib/jvm/java-21-openjdk/lib/libzip.so
7fe8d8ffe000-7fe8d8fff000 r--p 0001c000 00:21 956508                     /usr/lib/jvm/java-21-openjdk/lib/libzip.so
7fe8d8fff000-7fe8d9000000 rw-p 0001d000 00:21 956508                     /usr/lib/jvm/java-21-openjdk/lib/libzip.so
7fe8d9000000-7fe8d9024000 r--p 00000000 00:21 706643                     /usr/lib/libc.so.6
7fe8d9024000-7fe8d91ba000 r-xp 00024000 00:21 706643                     /usr/lib/libc.so.6
7fe8d91ba000-7fe8d9233000 r--p 001ba000 00:21 706643                     /usr/lib/libc.so.6
7fe8d9233000-7fe8d9237000 r--p 00233000 00:21 706643                     /usr/lib/libc.so.6
7fe8d9237000-7fe8d9239000 rw-p 00237000 00:21 706643                     /usr/lib/libc.so.6
7fe8d9239000-7fe8d9282000 rw-p 00000000 00:00 0 
7fe8d9282000-7fe8d92f2000 rw-p 00000000 00:00 0 
7fe8d92f2000-7fe8d92fc000 r--p 00000000 00:21 956484                     /usr/lib/jvm/java-21-openjdk/lib/libjava.so
7fe8d92fc000-7fe8d930b000 r-xp 0000a000 00:21 956484                     /usr/lib/jvm/java-21-openjdk/lib/libjava.so
7fe8d930b000-7fe8d9310000 r--p 00019000 00:21 956484                     /usr/lib/jvm/java-21-openjdk/lib/libjava.so
7fe8d9310000-7fe8d9311000 r--p 0001e000 00:21 956484                     /usr/lib/jvm/java-21-openjdk/lib/libjava.so
7fe8d9311000-7fe8d9312000 rw-p 0001f000 00:21 956484                     /usr/lib/jvm/java-21-openjdk/lib/libjava.so
7fe8d9312000-7fe8d9313000 rw-p 00000000 00:00 0 
7fe8d9313000-7fe8d9317000 r--p 00000000 00:21 707372                     /usr/lib/libgcc_s.so.1
7fe8d9317000-7fe8d9342000 r-xp 00004000 00:21 707372                     /usr/lib/libgcc_s.so.1
7fe8d9342000-7fe8d9346000 r--p 0002f000 00:21 707372                     /usr/lib/libgcc_s.so.1
7fe8d9346000-7fe8d9347000 r--p 00033000 00:21 707372                     /usr/lib/libgcc_s.so.1
7fe8d9347000-7fe8d9348000 rw-p 00034000 00:21 707372                     /usr/lib/libgcc_s.so.1
7fe8d9348000-7fe8d9357000 r--p 00000000 00:21 706653                     /usr/lib/libm.so.6
7fe8d9357000-7fe8d93df000 r-xp 0000f000 00:21 706653                     /usr/lib/libm.so.6
7fe8d93df000-7fe8d9429000 r--p 00097000 00:21 706653                     /usr/lib/libm.so.6
7fe8d9429000-7fe8d942a000 r--p 000e0000 00:21 706653                     /usr/lib/libm.so.6
7fe8d942a000-7fe8d942b000 rw-p 000e1000 00:21 706653                     /usr/lib/libm.so.6
7fe8d942b000-7fe8d942e000 rw-p 00000000 00:00 0 
7fe8d942f000-7fe8d9430000 r--p 00000000 00:21 956477                     /usr/lib/jvm/java-21-openjdk/lib/libextnet.so
7fe8d9430000-7fe8d9431000 r-xp 00001000 00:21 956477                     /usr/lib/jvm/java-21-openjdk/lib/libextnet.so
7fe8d9431000-7fe8d9432000 r--p 00002000 00:21 956477                     /usr/lib/jvm/java-21-openjdk/lib/libextnet.so
7fe8d9432000-7fe8d9433000 r--p 00002000 00:21 956477                     /usr/lib/jvm/java-21-openjdk/lib/libextnet.so
7fe8d9433000-7fe8d9434000 rw-p 00003000 00:21 956477                     /usr/lib/jvm/java-21-openjdk/lib/libextnet.so
7fe8d9434000-7fe8d9439000 rw-p 00000000 00:00 0 
7fe8d9439000-7fe8d9440000 ---p 00000000 00:00 0 
7fe8d9440000-7fe8d9448000 rw-s 00000000 00:64 805                        /tmp/hsperfdata_kevin/6213
7fe8d9448000-7fe8d944a000 r--p 00000000 00:21 956479                     /usr/lib/jvm/java-21-openjdk/lib/libinstrument.so
7fe8d944a000-7fe8d9450000 r-xp 00002000 00:21 956479                     /usr/lib/jvm/java-21-openjdk/lib/libinstrument.so
7fe8d9450000-7fe8d9453000 r--p 00008000 00:21 956479                     /usr/lib/jvm/java-21-openjdk/lib/libinstrument.so
7fe8d9453000-7fe8d9454000 r--p 0000a000 00:21 956479                     /usr/lib/jvm/java-21-openjdk/lib/libinstrument.so
7fe8d9454000-7fe8d9455000 rw-p 0000b000 00:21 956479                     /usr/lib/jvm/java-21-openjdk/lib/libinstrument.so
7fe8d9455000-7fe8d9456000 ---p 00000000 00:00 0 
7fe8d9456000-7fe8d9457000 r--p 00000000 00:00 0 
7fe8d9457000-7fe8d9458000 ---p 00000000 00:00 0 
7fe8d9458000-7fe8d9459000 r--p 00000000 00:21 956488                     /usr/lib/jvm/java-21-openjdk/lib/libjimage.so
7fe8d9459000-7fe8d945c000 r-xp 00001000 00:21 956488                     /usr/lib/jvm/java-21-openjdk/lib/libjimage.so
7fe8d945c000-7fe8d945d000 r--p 00004000 00:21 956488                     /usr/lib/jvm/java-21-openjdk/lib/libjimage.so
7fe8d945d000-7fe8d945e000 r--p 00005000 00:21 956488                     /usr/lib/jvm/java-21-openjdk/lib/libjimage.so
7fe8d945e000-7fe8d945f000 rw-p 00006000 00:21 956488                     /usr/lib/jvm/java-21-openjdk/lib/libjimage.so
7fe8d945f000-7fe8d9461000 r--p 00000000 00:21 956489                     /usr/lib/jvm/java-21-openjdk/lib/libjli.so
7fe8d9461000-7fe8d9473000 r-xp 00002000 00:21 956489                     /usr/lib/jvm/java-21-openjdk/lib/libjli.so
7fe8d9473000-7fe8d947a000 r--p 00014000 00:21 956489                     /usr/lib/jvm/java-21-openjdk/lib/libjli.so
7fe8d947a000-7fe8d947b000 r--p 0001a000 00:21 956489                     /usr/lib/jvm/java-21-openjdk/lib/libjli.so
7fe8d947b000-7fe8d947c000 rw-p 0001b000 00:21 956489                     /usr/lib/jvm/java-21-openjdk/lib/libjli.so
7fe8d947c000-7fe8d947e000 rw-p 00000000 00:00 0 
7fe8d947e000-7fe8d9482000 r--p 00000000 00:00 0                          [vvar]
7fe8d9482000-7fe8d9484000 r--p 00000000 00:00 0                          [vvar_vclock]
7fe8d9484000-7fe8d9486000 r-xp 00000000 00:00 0                          [vdso]
7fe8d9486000-7fe8d9487000 r--p 00000000 00:21 706634                     /usr/lib/ld-linux-x86-64.so.2
7fe8d9487000-7fe8d94b4000 r-xp 00001000 00:21 706634                     /usr/lib/ld-linux-x86-64.so.2
7fe8d94b4000-7fe8d94c3000 r--p 0002e000 00:21 706634                     /usr/lib/ld-linux-x86-64.so.2
7fe8d94c3000-7fe8d94c5000 r--p 0003d000 00:21 706634                     /usr/lib/ld-linux-x86-64.so.2
7fe8d94c5000-7fe8d94c6000 rw-p 0003f000 00:21 706634                     /usr/lib/ld-linux-x86-64.so.2
7fe8d94c6000-7fe8d94c7000 rw-p 00000000 00:00 0 
7ffc77cb3000-7ffc77cd7000 rw-p 00000000 00:00 0                          [stack]
ffffffffff600000-ffffffffff601000 --xp 00000000 00:00 0                  [vsyscall]
Total number of mappings: 265

JVMTI agents:
/usr/share/idea/lib/idea_rt.jar path:none, loaded, initialized, instrumentlib options:41581


VM Arguments:
jvm_args: --enable-preview -javaagent:/usr/share/idea/lib/idea_rt.jar=41581 -Dfile.encoding=UTF-8 -Dsun.stdout.encoding=UTF-8 -Dsun.stderr.encoding=UTF-8 
java_command: com.lumenmall.backend.BackendApplication
java_class_path (initial): /home/kevin/Documents/Lumen_Mall_backend/backend/target/classes:/home/kevin/.m2/repository/org/springframework/boot/spring-boot-starter-data-jpa/4.0.2/spring-boot-starter-data-jpa-4.0.2.jar:/home/kevin/.m2/repository/org/springframework/boot/spring-boot-starter/4.0.2/spring-boot-starter-4.0.2.jar:/home/kevin/.m2/repository/org/springframework/boot/spring-boot-starter-logging/4.0.2/spring-boot-starter-logging-4.0.2.jar:/home/kevin/.m2/repository/ch/qos/logback/logback-classic/1.5.25/logback-classic-1.5.25.jar:/home/kevin/.m2/repository/ch/qos/logback/logback-core/1.5.25/logback-core-1.5.25.jar:/home/kevin/.m2/repository/org/apache/logging/log4j/log4j-to-slf4j/2.25.3/log4j-to-slf4j-2.25.3.jar:/home/kevin/.m2/repository/org/apache/logging/log4j/log4j-api/2.25.3/log4j-api-2.25.3.jar:/home/kevin/.m2/repository/org/slf4j/jul-to-slf4j/2.0.17/jul-to-slf4j-2.0.17.jar:/home/kevin/.m2/repository/org/springframework/boot/spring-boot-autoconfigure/4.0.2/spring-boot-autoconfigure-4.0.2.jar:/home/kevin/.m2/repository/jakarta/annotation/jakarta.annotation-api/3.0.0/jakarta.annotation-api-3.0.0.jar:/home/kevin/.m2/repository/org/yaml/snakeyaml/2.5/snakeyaml-2.5.jar:/home/kevin/.m2/repository/org/springframework/boot/spring-boot-starter-jdbc/4.0.2/spring-boot-starter-jdbc-4.0.2.jar:/home/kevin/.m2/repository/com/zaxxer/HikariCP/7.0.2/HikariCP-7.0.2.jar:/home/kevin/.m2/repository/org/slf4j/slf4j-api/2.0.17/slf4j-api-2.0.17.jar:/home/kevin/.m2/repository/org/springframework/boot/spring-boot-data-jpa/4.0.2/spring-boot-data-jpa-4.0.2.jar:/home/kevin/.m2/repository/org/springframework/boot/spring-boot-data-commons/4.0.2/spring-boot-data-commons-4.0.2.jar:/home/kevin/.m2/repository/org/springframework/boot/spring-boot-persistence/4.0.2/spring-boot-persistence-4.0.2.jar:/home/kevin/.m2/repository/org/springframework/data/spring-data-commons/4.0.2/spring-data-commons-4.0.2.jar:/home/kevin/.m2/repository/org/springframework/boot/spring-boot-hibernate/4.0.2/spring-boot-hibernate-4.0.2.jar:/home/kevin/.m2/repository/org/springframework/boot/spring-boot-jpa/4.0.2/spring-boot-jpa-4.0.2.jar:/home/kevin/.m2/repository/jakarta/persistence/jakarta.persistence-api/3.2.0/jakarta.persistence-api-3.2.0.jar:/home/kevin/.m2/repository/org/hibernate/orm/hibernate-core/7.2.1.Final/hibernate-core-7.2.1.Final.jar:/home/kevin/.m2/repository/jakarta/transaction/jakarta.transaction-api/2.0.1/jakarta.transaction-api-2.0.1.jar:/home/kevin/.m2/repository/org/hibernate/models/hibernate-models/1.0.1/hibernate-models-1.0.1.jar:/home/kevin/.m2/repository/org/glassfish/jaxb/jaxb-runtime/4.0.6/jaxb-runtime-4.0.6.jar:/home/kevin/.m2/repository/org/glassfish/jaxb/jaxb-core/4.0.6/jaxb-core-4.0.6.jar:/home/kevin/.m2/repository/org/glassfish/jaxb/txw2/4.0.6/txw2-4.0.6.jar:/home/kevin/.m2/repository/com/sun/istack/istack-commons-runtime/4.1.2/istack-commons-runtime-4.1.2.jar:/home/kevin/.m2/repository/jakarta/inject/jakarta.inject-api/2.0.1/jakarta.inject-api-2.0.1.jar:/home/kevin/.m2/repository/org/springframework/spring-orm/7.0.3/spring-orm-7.0.3.jar:/home/kevin/.m2/repository/org/springframework/data/spring-data-jpa/4.0.2/spring-data-jpa-4.0.2.jar:/home/kevin/.m2/repository/org/springframework/spring-context/7.0.3/spring-context-7.0.3.jar:/home/kevin/.m2/repository/org/springframework/spring-tx/7.0.3/spring-tx-7.0.3.jar:/home/kevin/.m2/repository/org/antlr/antlr4-runtime/4.13.2/antlr4-runtime-4.13.2.jar:/home/kevin/.m2/repository/org/springframework/spring-aspects/7.0.3/spring-aspects-7.0.3.jar:/home/kevin/.m2/repository/org/aspectj/aspectjweaver/1.9.25.1/aspectjweaver-1.9.25.1.jar:/home/kevin/.m2/repository/org/springframework/boot/spring-boot-jdbc/4.0.2/spring-boot-jdbc-4.0.2.jar:/home/kevin/.m2/repository/org/springframework/boot/spring-boot/4.0.2/spring-boot-4.0.2.jar:/home/kevin/.m2/repository/org/springframework/boot/spring-boot-sql/4.0.2/spring-boot-sql-4.0.2.jar:/home/kevin/.m2/repository/org/springframework/boot/spring-boot-transaction/4.0.2/spring-boot-transaction-4.0.2.jar:/home/kevin/.m2/repository/org/springframework/spring-jdbc/7.0.3/spring-jdbc-7.0.3.jar:/home/kevin/.m2/repository/org/springframework/boot/spring-boot-starter-validation/4.0.2/spring-boot-starter-validation-4.0.2.jar:/home/kevin/.m2/repository/org/springframework/boot/spring-boot-validation/4.0.2/spring-boot-validation-4.0.2.jar:/home/kevin/.m2/repository/org/apache/tomcat/embed/tomcat-embed-el/11.0.15/tomcat-embed-el-11.0.15.jar:/home/kevin/.m2/repository/org/hibernate/validator/hibernate-validator/9.0.1.Final/hibernate-validator-9.0.1.Final.jar:/home/kevin/.m2/repository/jakarta/validation/jakarta.validation-api/3.1.1/jakarta.validation-api-3.1.1.jar:/home/kevin/.m2/repository/org/jboss/logging/jboss-logging/3.6.1.Final/jboss-logging-3.6.1.Final.jar:/home/kevin/.m2/repository/com/fasterxml/classmate/1.7.3/classmate-1.7.3.jar:/home/kevin/.m2/repository/org/springframework/boot/spring-boot-starter-webmvc/4.0.2/spring-boot-starter-webmvc-4.0.2.jar:/home/kevin/.m2/repository/org/springframework/boot/spring-boot-starter-jackson/4.0.2/spring-boot-starter-jackson-4.0.2.jar:/home/kevin/.m2/repository/org/springframework/boot/spring-boot-jackson/4.0.2/spring-boot-jackson-4.0.2.jar:/home/kevin/.m2/repository/tools/jackson/core/jackson-databind/3.0.4/jackson-databind-3.0.4.jar:/home/kevin/.m2/repository/tools/jackson/core/jackson-core/3.0.4/jackson-core-3.0.4.jar:/home/kevin/.m2/repository/org/springframework/boot/spring-boot-starter-tomcat/4.0.2/spring-boot-starter-tomcat-4.0.2.jar:/home/kevin/.m2/repository/org/springframework/boot/spring-boot-starter-tomcat-runtime/4.0.2/spring-boot-starter-tomcat-runtime-4.0.2.jar:/home/kevin/.m2/repository/org/apache/tomcat/embed/tomcat-embed-core/11.0.15/tomcat-embed-core-11.0.15.jar:/home/kevin/.m2/repository/org/apache/tomcat/embed/tomcat-embed-websocket/11.0.15/tomcat-embed-websocket-11.0.15.jar:/home/kevin/.m2/repository/org/springframework/boot/spring-boot-tomcat/4.0.2/spring-boot-tomcat-4.0.2.jar:/home/kevin/.m2/repository/org/springframework/boot/spring-boot-http-converter/4.0.2/spring-boot-http-converter-4.0.2.jar:/home/kevin/.m2/repository/org/springframework/spring-web/7.0.3/spring-web-7.0.3.jar:/home/kevin/.m2/repository/io/micrometer/micrometer-observation/1.16.2/micrometer-observation-1.16.2.jar:/home/kevin/.m2/repository/io/micrometer/micrometer-commons/1.16.2/micrometer-commons-1.16.2.jar:/home/kevin/.m2/repository/org/springframework/boot/spring-boot-webmvc/4.0.2/spring-boot-webmvc-4.0.2.jar:/home/kevin/.m2/repository/org/springframework/boot/spring-boot-servlet/4.0.2/spring-boot-servlet-4.0.2.jar:/home/kevin/.m2/repository/org/springframework/spring-webmvc/7.0.3/spring-webmvc-7.0.3.jar:/home/kevin/.m2/repository/org/springframework/spring-expression/7.0.3/spring-expression-7.0.3.jar:/home/kevin/.m2/repository/org/postgresql/postgresql/42.7.9/postgresql-42.7.9.jar:/home/kevin/.m2/repository/org/checkerframework/checker-qual/3.52.0/checker-qual-3.52.0.jar:/home/kevin/.m2/repository/org/projectlombok/lombok/1.18.42/lombok-1.18.42.jar:/home/kevin/.m2/repository/jakarta/xml/bind/jakarta.xml.bind-api/4.0.4/jakarta.xml.bind-api-4.0.4.jar:/home/kevin/.m2/repository/jakarta/activation/jakarta.activation-api/2.1.4/jakarta.activation-api-2.1.4.jar:/home/kevin/.m2/repository/net/bytebuddy/byte-buddy/1.17.8/byte-buddy-1.17.8.jar:/home/kevin/.m2/repository/org/springframework/spring-core/7.0.3/spring-core-7.0.3.jar:/home/kevin/.m2/repository/commons-logging/commons-logging/1.3.5/commons-logging-1.3.5.jar:/home/kevin/.m2/repository/org/jspecify/jspecify/1.0.0/jspecify-1.0.0.jar:/home/kevin/.m2/repository/org/springframework/boot/spring-boot-web-server/4.0.2/spring-boot-web-server-4.0.2.jar:/home/kevin/.m2/repository/org/springframework/boot/spring-boot-starter-security/4.0.2/spring-boot-starter-security-4.0.2.jar:/home/kevin/.m2/repository/org/springframework/boot/spring-boot-security/4.0.2/spring-boot-security-4.0.2.jar:/home/kevin/.m2/repository/org/springframework/security/spring-security-config/7.0.2/spring-security-config-7.0.2.jar:/home/kevin/.m2/repository/org/springframework/security/spring-security-core/7.0.2/spring-security-core-7.0.2.jar:/home/kevin/.m2/repository/org/springframework/security/spring-security-crypto/7.0.2/spring-security-crypto-7.0.2.jar:/home/kevin/.m2/repository/org/springframework/security/spring-security-web/7.0.2/spring-security-web-7.0.2.jar:/home/kevin/.m2/repository/org/springframework/spring-aop/7.0.3/spring-aop-7.0.3.jar:/home/kevin/.m2/repository/org/springframework/spring-beans/7.0.3/spring-beans-7.0.3.jar:/home/kevin/.m2/repository/com/resend/resend-java/3.1.0/resend-java-3.1.0.jar:/home/kevin/.m2/repository/com/fasterxml/jackson/core/jackson-core/2.20.2/jackson-core-2.20.2.jar:/home/kevin/.m2/repository/com/fasterxml/jackson/core/jackson-annotations/2.20/jackson-annotations-2.20.jar:/home/kevin/.m2/repository/com/fasterxml/jackson/core/jackson-databind/2.20.2/jackson-databind-2.20.2.jar:/home/kevin/.m2/repository/com/fasterxml/jackson/datatype/jackson-datatype-jsr310/2.20.2/jackson-datatype-jsr310-2.20.2.jar:/home/kevin/.m2/repository/com/squareup/okhttp3/okhttp/4.11.0/okhttp-4.11.0.jar:/home/kevin/.m2/repository/com/squareup/okio/okio/3.2.0/okio-3.2.0.jar:/home/kevin/.m2/repository/com/squareup/okio/okio-jvm/3.2.0/okio-jvm-3.2.0.jar:/home/kevin/.m2/repository/org/jetbrains/kotlin/kotlin-stdlib-common/1.6.20/kotlin-stdlib-common-1.6.20.jar:/home/kevin/.m2/repository/org/jetbrains/kotlin/kotlin-stdlib/2.2.21/kotlin-stdlib-2.2.21.jar:/home/kevin/.m2/repository/org/jetbrains/annotations/13.0/annotations-13.0.jar:/home/kevin/.m2/repository/org/jetbrains/kotlin/kotlin-stdlib-jdk8/2.2.21/kotlin-stdlib-jdk8-2.2.21.jar:/home/kevin/.m2/repository/org/jetbrains/kotlin/kotlin-stdlib-jdk7/2.2.21/kotlin-stdlib-jdk7-2.2.21.jar:/home/kevin/.m2/repository/io/jsonwebtoken/jjwt-api/0.11.5/jjwt-api-0.11.5.jar:/home/kevin/.m2/repository/io/jsonwebtoken/jjwt-impl/0.11.5/jjwt-impl-0.11.5.jar:/home/kevin/.m2/repository/io/jsonwebtoken/jjwt-jackson/0.11.5/jjwt-jackson-0.11.5.jar:/home/kevin/.m2/repository/com/stripe/stripe-java/24.0.0/stripe-java-24.0.0.jar:/home/kevin/.m2/repository/com/google/code/gson/gson/2.13.2/gson-2.13.2.jar:/home/kevin/.m2/repository/com/google/errorprone/error_prone_annotations/2.41.0/error_prone_annotations-2.41.0.jar:/home/kevin/.m2/repository/javax/annotation/javax.annotation-api/1.3.2/javax.annotation-api-1.3.2.jar:/home/kevin/.m2/repository/com/paypal/sdk/checkout-sdk/2.0.0/checkout-sdk-2.0.0.jar:/home/kevin/.m2/repository/com/paypal/paypalhttp/2.0.0/paypalhttp-2.0.0.jar:/home/kevin/.m2/repository/me/paulschwarz/spring-dotenv/4.0.0/spring-dotenv-4.0.0.jar:/home/kevin/.m2/repository/io/github/cdimascio/dotenv-java/3.0.0/dotenv-java-3.0.0.jar:/home/kevin/.m2/repository/org/springframework/boot/spring-boot-starter-mail/4.0.2/spring-boot-starter-mail-4.0.2.jar:/home/kevin/.m2/repository/org/springframework/boot/spring-boot-mail/4.0.2/spring-boot-mail-4.0.2.jar:/home/kevin/.m2/repository/org/springframework/spring-context-support/7.0.3/spring-context-support-7.0.3.jar:/home/kevin/.m2/repository/jakarta/mail/jakarta.mail-api/2.1.5/jakarta.mail-api-2.1.5.jar:/home/kevin/.m2/repository/org/eclipse/angus/angus-mail/2.0.5/angus-mail-2.0.5.jar:/home/kevin/.m2/repository/org/eclipse/angus/angus-activation/2.0.3/angus-activation-2.0.3.jar
Launcher Type: SUN_STANDARD

[Global flags]
     intx CICompilerCount                          = 4                                         {product} {ergonomic}
     uint ConcGCThreads                            = 3                                         {product} {ergonomic}
     uint G1ConcRefinementThreads                  = 10                                        {product} {ergonomic}
   size_t G1HeapRegionSize                         = 2097152                                   {product} {ergonomic}
    uintx GCDrainStackTargetSize                   = 64                                        {product} {ergonomic}
   size_t InitialHeapSize                          = 228589568                                 {product} {ergonomic}
   size_t MarkStackSize                            = 4194304                                   {product} {ergonomic}
   size_t MaxHeapSize                              = 3634364416                                {product} {ergonomic}
   size_t MaxNewSize                               = 2178940928                                {product} {ergonomic}
   size_t MinHeapDeltaBytes                        = 2097152                                   {product} {ergonomic}
   size_t MinHeapSize                              = 8388608                                   {product} {ergonomic}
    uintx NonNMethodCodeHeapSize                   = 5839372                                {pd product} {ergonomic}
    uintx NonProfiledCodeHeapSize                  = 122909434                              {pd product} {ergonomic}
    uintx ProfiledCodeHeapSize                     = 122909434                              {pd product} {ergonomic}
    uintx ReservedCodeCacheSize                    = 251658240                              {pd product} {ergonomic}
     bool SegmentedCodeCache                       = true                                      {product} {ergonomic}
   size_t SoftMaxHeapSize                          = 3634364416                             {manageable} {ergonomic}
     bool UseCompressedOops                        = true                           {product lp64_product} {ergonomic}
     bool UseG1GC                                  = true                                      {product} {ergonomic}

Logging:
Log output configuration:
 #0: stdout all=warning uptime,level,tags foldmultilines=false
 #1: stderr all=off uptime,level,tags foldmultilines=false

Release file:
IMPLEMENTOR="Arch Linux"
JAVA_RUNTIME_VERSION="21.0.10+7"
JAVA_VERSION="21.0.10"
JAVA_VERSION_DATE="2026-01-20"
LIBC="gnu"
MODULES="java.base java.compiler java.datatransfer java.xml java.prefs java.desktop java.instrument java.logging java.management java.security.sasl java.naming java.rmi java.management.rmi java.net.http java.scripting java.security.jgss java.transaction.xa java.sql java.sql.rowset java.xml.crypto java.se java.smartcardio jdk.accessibility jdk.internal.jvmstat jdk.attach jdk.charsets jdk.internal.opt jdk.zipfs jdk.compiler jdk.crypto.ec jdk.crypto.cryptoki jdk.dynalink jdk.internal.ed jdk.editpad jdk.hotspot.agent jdk.httpserver jdk.incubator.vector jdk.internal.le jdk.internal.vm.ci jdk.internal.vm.compiler jdk.internal.vm.compiler.management jdk.jartool jdk.javadoc jdk.jcmd jdk.management jdk.management.agent jdk.jconsole jdk.jdeps jdk.jdwp.agent jdk.jdi jdk.jfr jdk.jlink jdk.jpackage jdk.jshell jdk.jsobject jdk.jstatd jdk.localedata jdk.management.jfr jdk.naming.dns jdk.naming.rmi jdk.net jdk.nio.mapmode jdk.random jdk.sctp jdk.security.auth jdk.security.jgss jdk.unsupported jdk.unsupported.desktop jdk.xml.dom"
OS_ARCH="x86_64"
OS_NAME="Linux"
SOURCE=""

Environment Variables:
PATH=/usr/local/sbin:/usr/local/bin:/usr/bin:/usr/lib/jvm/default/bin:/usr/bin/site_perl:/usr/bin/vendor_perl:/usr/bin/core_perl
SHELL=/bin/fish
DISPLAY=:0
WAYLAND_DISPLAY=wayland-0
LANG=en_US.UTF-8
LC_NUMERIC=mg_MG.UTF-8
LC_TIME=mg_MG.UTF-8

Active Locale:
LC_ALL=LC_CTYPE=en_US.UTF-8;LC_NUMERIC=mg_MG.UTF-8;LC_TIME=mg_MG.UTF-8;LC_COLLATE=en_US.UTF-8;LC_MONETARY=mg_MG.UTF-8;LC_MESSAGES=en_US.UTF-8;LC_PAPER=mg_MG.UTF-8;LC_NAME=mg_MG.UTF-8;LC_ADDRESS=mg_MG.UTF-8;LC_TELEPHONE=mg_MG.UTF-8;LC_MEASUREMENT=mg_MG.UTF-8;LC_IDENTIFICATION=mg_MG.UTF-8
LC_COLLATE=en_US.UTF-8
LC_CTYPE=en_US.UTF-8
LC_MESSAGES=en_US.UTF-8
LC_MONETARY=mg_MG.UTF-8
LC_NUMERIC=mg_MG.UTF-8
LC_TIME=mg_MG.UTF-8

Signal Handlers:
   SIGSEGV: 0x00007fe8d8a67210 in libjvm.so+15102480, mask=11100100010111111101111111111110, flags=SA_RESTART|SA_SIGINFO, unblocked
    SIGBUS: 0x00007fe8d8a67210 in libjvm.so+15102480, mask=11100100010111111101111111111110, flags=SA_RESTART|SA_SIGINFO, unblocked
    SIGFPE: 0x00007fe8d8a67210 in libjvm.so+15102480, mask=11100100010111111101111111111110, flags=SA_RESTART|SA_SIGINFO, unblocked
   SIGPIPE: 0x00007fe8d88b44e0 in libjvm.so+13321440, mask=11100100010111111101111111111110, flags=SA_RESTART|SA_SIGINFO, blocked
   SIGXFSZ: 0x00007fe8d88b44e0 in libjvm.so+13321440, mask=11100100010111111101111111111110, flags=SA_RESTART|SA_SIGINFO, blocked
    SIGILL: 0x00007fe8d8a67210 in libjvm.so+15102480, mask=11100100010111111101111111111110, flags=SA_RESTART|SA_SIGINFO, unblocked
   SIGUSR2: 0x00007fe8d88b5d50 in libjvm.so+13327696, mask=00000000000000000000000000000000, flags=SA_RESTART|SA_SIGINFO, blocked
    SIGHUP: 0x00007fe8d88b3840 in libjvm.so+13318208, mask=11100100010111111101111111111110, flags=SA_RESTART|SA_SIGINFO, blocked
    SIGINT: 0x00007fe8d88b3840 in libjvm.so+13318208, mask=11100100010111111101111111111110, flags=SA_RESTART|SA_SIGINFO, blocked
   SIGTERM: 0x00007fe8d88b3840 in libjvm.so+13318208, mask=11100100010111111101111111111110, flags=SA_RESTART|SA_SIGINFO, blocked
   SIGQUIT: 0x00007fe8d88b3840 in libjvm.so+13318208, mask=11100100010111111101111111111110, flags=SA_RESTART|SA_SIGINFO, blocked
   SIGTRAP: 0x00007fe8d8a67210 in libjvm.so+15102480, mask=11100100010111111101111111111110, flags=SA_RESTART|SA_SIGINFO, unblocked


Periodic native trim disabled

---------------  S Y S T E M  ---------------

OS:
DISTRIB_ID=cachyos
DISTRIB_RELEASE="rolling"
DISTRIB_DESCRIPTION="CachyOS"
uname: Linux 6.18.7-2-cachyos #1 SMP PREEMPT_DYNAMIC Sat, 24 Jan 2026 21:21:21 +0000 x86_64
OS uptime: 0 days 0:21 hours
libc: glibc 2.42 NPTL 2.42 
rlimit (soft/hard): STACK 8192k/infinity , CORE infinity/infinity , NPROC 55222/55222 , NOFILE 1048576/1048576 , AS infinity/infinity , CPU infinity/infinity , DATA infinity/infinity , FSIZE infinity/infinity , MEMLOCK 8192k/8192k
load average: 3,04 1,04 0,55

/proc/meminfo:
MemTotal:       14190596 kB
MemFree:         4122544 kB
MemAvailable:    8841264 kB
Buffers:            2488 kB
Cached:          4606988 kB
SwapCached:            0 kB
Active:          7695288 kB
Inactive:        1550896 kB
Active(anon):    4337996 kB
Inactive(anon):        0 kB
Active(file):    3357292 kB
Inactive(file):  1550896 kB
Unevictable:         132 kB
Mlocked:             132 kB
SwapTotal:      14190588 kB
SwapFree:       14188576 kB
Zswap:                 0 kB
Zswapped:              0 kB
Dirty:              3424 kB
Writeback:             0 kB
AnonPages:       4613812 kB
Mapped:          1347368 kB
Shmem:             78464 kB
KReclaimable:     109272 kB
Slab:             266640 kB
SReclaimable:     109272 kB
SUnreclaim:       157368 kB
KernelStack:       27584 kB
PageTables:        55760 kB
SecPageTables:      3124 kB
NFS_Unstable:          0 kB
Bounce:                0 kB
WritebackTmp:          0 kB
CommitLimit:    21285884 kB
Committed_AS:   17227572 kB
VmallocTotal:   34359738367 kB
VmallocUsed:      162144 kB
VmallocChunk:          0 kB
Percpu:            13440 kB
HardwareCorrupted:     0 kB
AnonHugePages:    870400 kB
ShmemHugePages:        0 kB
ShmemPmdMapped:        0 kB
FileHugePages:    237568 kB
FilePmdMapped:     92160 kB
CmaTotal:              0 kB
CmaFree:               0 kB
Unaccepted:            0 kB
Balloon:               0 kB
HugePages_Total:       0
HugePages_Free:        0
HugePages_Rsvd:        0
HugePages_Surp:        0
Hugepagesize:       2048 kB
Hugetlb:               0 kB
DirectMap4k:      321808 kB
DirectMap2M:     7954432 kB
DirectMap1G:     6291456 kB

/sys/kernel/mm/transparent_hugepage/enabled: [always] madvise never
/sys/kernel/mm/transparent_hugepage/hpage_pmd_size: 2097152
/sys/kernel/mm/transparent_hugepage/defrag (defrag/compaction efforts parameter): always defer [defer+madvise] madvise never

Process Memory:
Virtual Size: 7422192K (peak: 7487700K)
Resident Set Size: 198024K (peak: 198816K) (anon: 172008K, file: 25984K, shmem: 32K)
Swapped out: 0K
C-Heap outstanding allocations: 82043K, retained: 20488K
glibc malloc tunables: (default)

/proc/sys/kernel/threads-max (system-wide limit on the number of threads): 110445
/proc/sys/vm/max_map_count (maximum number of memory map areas a process may have): 1048576
/proc/sys/vm/swappiness (control to define how aggressively the kernel swaps out anonymous memory): 150
/proc/sys/kernel/pid_max (system-wide limit on number of process identifiers): 4194304

container information not found.
Steal ticks since vm start: 0
Steal ticks percentage since vm start:  0,000

CPU: total 12 (initial active 12) (12 cores per cpu, 2 threads per core) family 23 model 96 stepping 1 microcode 0x860010d, cx8, cmov, fxsr, ht, mmx, 3dnowpref, sse, sse2, sse3, ssse3, sse4a, sse4.1, sse4.2, popcnt, lzcnt, tsc, tscinvbit, avx, avx2, aes, clmul, bmi1, bmi2, adx, sha, fma, vzeroupper, clflush, clflushopt, rdtscp, rdpid, f16c
CPU Model and flags from /proc/cpuinfo:
model name	: AMD Ryzen 5 4600G with Radeon Graphics
flags		: fpu vme de pse tsc msr pae mce cx8 apic sep mtrr pge mca cmov pat pse36 clflush mmx fxsr sse sse2 ht syscall nx mmxext fxsr_opt pdpe1gb rdtscp lm constant_tsc rep_good nopl xtopology nonstop_tsc cpuid extd_apicid aperfmperf rapl pni pclmulqdq monitor ssse3 fma cx16 sse4_1 sse4_2 x2apic movbe popcnt aes xsave avx f16c rdrand lahf_lm cmp_legacy svm extapic cr8_legacy abm sse4a misalignsse 3dnowprefetch osvw ibs skinit wdt tce topoext perfctr_core perfctr_nb bpext perfctr_llc mwaitx cpb cat_l3 cdp_l3 hw_pstate ssbd mba ibrs ibpb stibp vmmcall fsgsbase bmi1 avx2 smep bmi2 cqm rdt_a rdseed adx smap clflushopt clwb sha_ni xsaveopt xsavec xgetbv1 cqm_llc cqm_occup_llc cqm_mbm_total cqm_mbm_local clzero irperf xsaveerptr rdpru wbnoinvd cppc arat npt lbrv svm_lock nrip_save tsc_scale vmcb_clean flushbyasid decodeassists pausefilter pfthreshold avic v_vmsave_vmload vgif v_spec_ctrl umip rdpid overflow_recov succor smca

Online cpus: 0-11
Offline cpus: 
BIOS frequency limitation: <Not Available>
Frequency switch latency (ns): 0
Available cpu frequencies: <Not Available>
Current governor: performance
Core performance/turbo boost: 1

Memory: 4k page, physical 14190596k(8836956k free), swap 14190588k(14188576k free)
Page Sizes: 4k

vm_info: OpenJDK 64-Bit Server VM (21.0.10+7) for linux-amd64 JRE (21.0.10+7), built on 2026-01-24T14:19:52Z by "notroot" with gcc 15.2.1 20260103

END.
